Classic Timing Analyzer report for Display
Thu May 17 18:49:43 2018
Quartus II Version 9.0 Build 235 06/17/2009 Service Pack 2 SJ Web Edition


---------------------
; Table of Contents ;
---------------------
  1. Legal Notice
  2. Timing Analyzer Summary
  3. Timing Analyzer Settings
  4. Clock Settings Summary
  5. Parallel Compilation
  6. Clock Setup: 'CK'
  7. tsu
  8. tco
  9. th
 10. Timing Analyzer Messages



----------------
; Legal Notice ;
----------------
Copyright (C) 1991-2009 Altera Corporation
Your use of Altera Corporation's design tools, logic functions 
and other software and tools, and its AMPP partner logic 
functions, and any output files from any of the foregoing 
(including device programming or simulation files), and any 
associated documentation or information are expressly subject 
to the terms and conditions of the Altera Program License 
Subscription Agreement, Altera MegaCore Function License 
Agreement, or other applicable license agreement, including, 
without limitation, that your use is for the sole purpose of 
programming logic devices manufactured by Altera and sold by 
Altera or its authorized distributors.  Please refer to the 
applicable agreement for further details.



+---------------------------------------------------------------------------------------------------------------------------------------------------------------------------------------------------------------------------------------------------------------------------------------------------------------------+
; Timing Analyzer Summary                                                                                                                                                                                                                                                                                             ;
+------------------------------+-------+---------------+----------------------------------+---------------------------------------------------------------------------------------------------------------------+--------------------------------------------------------------+------------+----------+--------------+
; Type                         ; Slack ; Required Time ; Actual Time                      ; From                                                                                                                ; To                                                           ; From Clock ; To Clock ; Failed Paths ;
+------------------------------+-------+---------------+----------------------------------+---------------------------------------------------------------------------------------------------------------------+--------------------------------------------------------------+------------+----------+--------------+
; Worst-case tsu               ; N/A   ; None          ; 4.509 ns                         ; SP                                                                                                                  ; UC:inst|UC_MOV:inst1|ff0                                     ; --         ; CK       ; 0            ;
; Worst-case tco               ; N/A   ; None          ; 11.645 ns                        ; UP:inst8|Pis:inst2|lpm_counter1:3bitBidir_count|lpm_counter:lpm_counter_component|cntr_reh:auto_generated|safe_q[0] ; Obrir_Alliberar[3]                                           ; CK         ; --       ; 0            ;
; Worst-case th                ; N/A   ; None          ; 2.679 ns                         ; Polsador[5]                                                                                                         ; UP:inst8|Pisos_demanats:inst|Pisos_demanats1bit:inst12|inst9 ; --         ; CK       ; 0            ;
; Clock Setup: 'CK'            ; N/A   ; None          ; 256.08 MHz ( period = 3.905 ns ) ; UP:inst8|Pis:inst2|lpm_counter1:3bitBidir_count|lpm_counter:lpm_counter_component|cntr_reh:auto_generated|safe_q[0] ; UC:inst|UC_MOV:inst1|ff2                                     ; CK         ; CK       ; 0            ;
; Total number of failed paths ;       ;               ;                                  ;                                                                                                                     ;                                                              ;            ;          ; 0            ;
+------------------------------+-------+---------------+----------------------------------+---------------------------------------------------------------------------------------------------------------------+--------------------------------------------------------------+------------+----------+--------------+


+--------------------------------------------------------------------------------------------------------------------+
; Timing Analyzer Settings                                                                                           ;
+---------------------------------------------------------------------+--------------------+------+----+-------------+
; Option                                                              ; Setting            ; From ; To ; Entity Name ;
+---------------------------------------------------------------------+--------------------+------+----+-------------+
; Device Name                                                         ; EP2C35F672C6       ;      ;    ;             ;
; Timing Models                                                       ; Final              ;      ;    ;             ;
; Default hold multicycle                                             ; Same as Multicycle ;      ;    ;             ;
; Cut paths between unrelated clock domains                           ; On                 ;      ;    ;             ;
; Cut off read during write signal paths                              ; On                 ;      ;    ;             ;
; Cut off feedback from I/O pins                                      ; On                 ;      ;    ;             ;
; Report Combined Fast/Slow Timing                                    ; Off                ;      ;    ;             ;
; Ignore Clock Settings                                               ; Off                ;      ;    ;             ;
; Analyze latches as synchronous elements                             ; On                 ;      ;    ;             ;
; Enable Recovery/Removal analysis                                    ; Off                ;      ;    ;             ;
; Enable Clock Latency                                                ; Off                ;      ;    ;             ;
; Use TimeQuest Timing Analyzer                                       ; Off                ;      ;    ;             ;
; Minimum Core Junction Temperature                                   ; 0                  ;      ;    ;             ;
; Maximum Core Junction Temperature                                   ; 85                 ;      ;    ;             ;
; Number of source nodes to report per destination node               ; 10                 ;      ;    ;             ;
; Number of destination nodes to report                               ; 10                 ;      ;    ;             ;
; Number of paths to report                                           ; 200                ;      ;    ;             ;
; Report Minimum Timing Checks                                        ; Off                ;      ;    ;             ;
; Use Fast Timing Models                                              ; Off                ;      ;    ;             ;
; Report IO Paths Separately                                          ; Off                ;      ;    ;             ;
; Perform Multicorner Analysis                                        ; On                 ;      ;    ;             ;
; Reports the worst-case path for each clock domain and analysis      ; Off                ;      ;    ;             ;
; Removes common clock path pessimism (CCPP) during slack computation ; Off                ;      ;    ;             ;
; Output I/O Timing Endpoint                                          ; Near End           ;      ;    ;             ;
+---------------------------------------------------------------------+--------------------+------+----+-------------+


+------------------------------------------------------------------------------------------------------------------------------------------------------------------------------------+
; Clock Settings Summary                                                                                                                                                             ;
+-----------------+--------------------+----------+------------------+---------------+--------------+----------+-----------------------+---------------------+--------+--------------+
; Clock Node Name ; Clock Setting Name ; Type     ; Fmax Requirement ; Early Latency ; Late Latency ; Based on ; Multiply Base Fmax by ; Divide Base Fmax by ; Offset ; Phase offset ;
+-----------------+--------------------+----------+------------------+---------------+--------------+----------+-----------------------+---------------------+--------+--------------+
; CK              ;                    ; User Pin ; None             ; 0.000 ns      ; 0.000 ns     ; --       ; N/A                   ; N/A                 ; N/A    ;              ;
+-----------------+--------------------+----------+------------------+---------------+--------------+----------+-----------------------+---------------------+--------+--------------+


Parallel compilation was disabled, but you have multiple processors available. Enable parallel compilation to reduce compilation time.
+-------------------------------------+
; Parallel Compilation                ;
+----------------------------+--------+
; Processors                 ; Number ;
+----------------------------+--------+
; Number detected on machine ; 2      ;
; Maximum allowed            ; 1      ;
+----------------------------+--------+


+----------------------------------------------------------------------------------------------------------------------------------------------------------------------------------------------------------------------------------------------------------------------------------------------------------------------------------------------------------------------------------------------------------------+
; Clock Setup: 'CK'                                                                                                                                                                                                                                                                                                                                                                                              ;
+-------+------------------------------------------------+---------------------------------------------------------------------------------------------------------------------+---------------------------------------------------------------------------------------------------------------------+------------+----------+-----------------------------+---------------------------+-------------------------+
; Slack ; Actual fmax (period)                           ; From                                                                                                                ; To                                                                                                                  ; From Clock ; To Clock ; Required Setup Relationship ; Required Longest P2P Time ; Actual Longest P2P Time ;
+-------+------------------------------------------------+---------------------------------------------------------------------------------------------------------------------+---------------------------------------------------------------------------------------------------------------------+------------+----------+-----------------------------+---------------------------+-------------------------+
; N/A   ; 256.08 MHz ( period = 3.905 ns )               ; UP:inst8|Pis:inst2|lpm_counter1:3bitBidir_count|lpm_counter:lpm_counter_component|cntr_reh:auto_generated|safe_q[0] ; UC:inst|UC_MOV:inst1|ff2                                                                                            ; CK         ; CK       ; None                        ; None                      ; 3.688 ns                ;
; N/A   ; 263.71 MHz ( period = 3.792 ns )               ; UP:inst8|Pis:inst2|lpm_counter1:3bitBidir_count|lpm_counter:lpm_counter_component|cntr_reh:auto_generated|safe_q[2] ; UC:inst|UC_MOV:inst1|ff2                                                                                            ; CK         ; CK       ; None                        ; None                      ; 3.575 ns                ;
; N/A   ; 271.22 MHz ( period = 3.687 ns )               ; UP:inst8|Pis:inst2|lpm_counter1:3bitBidir_count|lpm_counter:lpm_counter_component|cntr_reh:auto_generated|safe_q[0] ; UC:inst|UC_MOV:inst1|ff0                                                                                            ; CK         ; CK       ; None                        ; None                      ; 3.470 ns                ;
; N/A   ; 271.22 MHz ( period = 3.687 ns )               ; UP:inst8|Pisos_demanats:inst|Pisos_demanats1bit:inst13|inst9                                                        ; UC:inst|UC_MOV:inst1|ff2                                                                                            ; CK         ; CK       ; None                        ; None                      ; 3.504 ns                ;
; N/A   ; 273.45 MHz ( period = 3.657 ns )               ; UP:inst8|Pis:inst2|lpm_counter1:3bitBidir_count|lpm_counter:lpm_counter_component|cntr_reh:auto_generated|safe_q[1] ; UC:inst|UC_MOV:inst1|ff2                                                                                            ; CK         ; CK       ; None                        ; None                      ; 3.440 ns                ;
; N/A   ; 279.80 MHz ( period = 3.574 ns )               ; UP:inst8|Pis:inst2|lpm_counter1:3bitBidir_count|lpm_counter:lpm_counter_component|cntr_reh:auto_generated|safe_q[2] ; UC:inst|UC_MOV:inst1|ff0                                                                                            ; CK         ; CK       ; None                        ; None                      ; 3.357 ns                ;
; N/A   ; 280.58 MHz ( period = 3.564 ns )               ; UP:inst8|Pis:inst2|lpm_counter1:3bitBidir_count|lpm_counter:lpm_counter_component|cntr_reh:auto_generated|safe_q[1] ; UC:inst|UC_MOV:inst1|ff0                                                                                            ; CK         ; CK       ; None                        ; None                      ; 3.347 ns                ;
; N/A   ; 286.70 MHz ( period = 3.488 ns )               ; UP:inst8|Pisos_demanats:inst|Pisos_demanats1bit:inst13|inst9                                                        ; UC:inst|UC_MOV:inst1|ff0                                                                                            ; CK         ; CK       ; None                        ; None                      ; 3.305 ns                ;
; N/A   ; 299.13 MHz ( period = 3.343 ns )               ; UP:inst8|Pis:inst2|lpm_counter1:3bitBidir_count|lpm_counter:lpm_counter_component|cntr_reh:auto_generated|safe_q[1] ; UC:inst|UC_DIR:inst|inst6                                                                                           ; CK         ; CK       ; None                        ; None                      ; 3.095 ns                ;
; N/A   ; 302.30 MHz ( period = 3.308 ns )               ; UP:inst8|Pisos_demanats:inst|Pisos_demanats1bit:inst17|inst9                                                        ; UC:inst|UC_MOV:inst1|ff2                                                                                            ; CK         ; CK       ; None                        ; None                      ; 3.284 ns                ;
; N/A   ; 302.39 MHz ( period = 3.307 ns )               ; UP:inst8|Pisos_demanats:inst|Pisos_demanats1bit:inst11|inst9                                                        ; UC:inst|UC_MOV:inst1|ff2                                                                                            ; CK         ; CK       ; None                        ; None                      ; 3.283 ns                ;
; N/A   ; 304.88 MHz ( period = 3.280 ns )               ; UC:inst|UC_MOV:inst1|ff0                                                                                            ; UC:inst|UC_MOV:inst1|ff2                                                                                            ; CK         ; CK       ; None                        ; None                      ; 3.066 ns                ;
; N/A   ; 305.06 MHz ( period = 3.278 ns )               ; UP:inst8|Pisos_demanats:inst|Pisos_demanats1bit:inst12|inst9                                                        ; UC:inst|UC_MOV:inst1|ff2                                                                                            ; CK         ; CK       ; None                        ; None                      ; 3.254 ns                ;
; N/A   ; 306.09 MHz ( period = 3.267 ns )               ; UP:inst8|Pisos_demanats:inst|Pisos_demanats1bit:inst13|inst9                                                        ; UC:inst|UC_DIR:inst|inst6                                                                                           ; CK         ; CK       ; None                        ; None                      ; 3.053 ns                ;
; N/A   ; 309.12 MHz ( period = 3.235 ns )               ; UP:inst8|Pisos_demanats:inst|Pisos_demanats1bit:inst11|inst9                                                        ; UC:inst|UC_MOV:inst1|ff0                                                                                            ; CK         ; CK       ; None                        ; None                      ; 3.211 ns                ;
; N/A   ; 309.79 MHz ( period = 3.228 ns )               ; UP:inst8|Pis:inst2|lpm_counter1:3bitBidir_count|lpm_counter:lpm_counter_component|cntr_reh:auto_generated|safe_q[0] ; UC:inst|UC_DIR:inst|inst6                                                                                           ; CK         ; CK       ; None                        ; None                      ; 2.980 ns                ;
; N/A   ; 310.37 MHz ( period = 3.222 ns )               ; UP:inst8|Pisos_demanats:inst|Pisos_demanats1bit:inst|inst9                                                          ; UC:inst|UC_MOV:inst1|ff0                                                                                            ; CK         ; CK       ; None                        ; None                      ; 3.198 ns                ;
; N/A   ; 310.37 MHz ( period = 3.222 ns )               ; UP:inst8|Pisos_demanats:inst|Pisos_demanats1bit:inst|inst9                                                          ; UC:inst|UC_MOV:inst1|ff2                                                                                            ; CK         ; CK       ; None                        ; None                      ; 3.198 ns                ;
; N/A   ; 318.88 MHz ( period = 3.136 ns )               ; UP:inst8|Pis:inst2|lpm_counter1:3bitBidir_count|lpm_counter:lpm_counter_component|cntr_reh:auto_generated|safe_q[2] ; UC:inst|UC_DIR:inst|inst6                                                                                           ; CK         ; CK       ; None                        ; None                      ; 2.888 ns                ;
; N/A   ; 320.82 MHz ( period = 3.117 ns )               ; UP:inst8|Pisos_demanats:inst|Pisos_demanats1bit:inst12|inst9                                                        ; UC:inst|UC_MOV:inst1|ff0                                                                                            ; CK         ; CK       ; None                        ; None                      ; 3.093 ns                ;
; N/A   ; 322.58 MHz ( period = 3.100 ns )               ; UP:inst8|Pisos_demanats:inst|Pisos_demanats1bit:inst16|inst9                                                        ; UC:inst|UC_MOV:inst1|ff2                                                                                            ; CK         ; CK       ; None                        ; None                      ; 3.076 ns                ;
; N/A   ; 323.62 MHz ( period = 3.090 ns )               ; UP:inst8|Pisos_demanats:inst|Pisos_demanats1bit:inst17|inst9                                                        ; UC:inst|UC_MOV:inst1|ff0                                                                                            ; CK         ; CK       ; None                        ; None                      ; 3.066 ns                ;
; N/A   ; 324.78 MHz ( period = 3.079 ns )               ; UP:inst8|Pisos_demanats:inst|Pisos_demanats1bit:inst14|inst9                                                        ; UC:inst|UC_MOV:inst1|ff2                                                                                            ; CK         ; CK       ; None                        ; None                      ; 3.055 ns                ;
; N/A   ; 327.55 MHz ( period = 3.053 ns )               ; UP:inst8|Pisos_demanats:inst|Pisos_demanats1bit:inst16|inst9                                                        ; UC:inst|UC_MOV:inst1|ff0                                                                                            ; CK         ; CK       ; None                        ; None                      ; 3.029 ns                ;
; N/A   ; 331.79 MHz ( period = 3.014 ns )               ; UP:inst8|Pisos_demanats:inst|Pisos_demanats1bit:inst11|inst9                                                        ; UC:inst|UC_DIR:inst|inst6                                                                                           ; CK         ; CK       ; None                        ; None                      ; 2.959 ns                ;
; N/A   ; 333.00 MHz ( period = 3.003 ns )               ; UP:inst8|Pisos_demanats:inst|Pisos_demanats1bit:inst|inst9                                                          ; UC:inst|UC_DIR:inst|inst6                                                                                           ; CK         ; CK       ; None                        ; None                      ; 2.948 ns                ;
; N/A   ; 339.10 MHz ( period = 2.949 ns )               ; UC:inst|UC_MOV:inst1|ff0                                                                                            ; UC:inst|UC_MOV:inst1|ff0                                                                                            ; CK         ; CK       ; None                        ; None                      ; 2.735 ns                ;
; N/A   ; 345.30 MHz ( period = 2.896 ns )               ; UP:inst8|Pisos_demanats:inst|Pisos_demanats1bit:inst12|inst9                                                        ; UC:inst|UC_DIR:inst|inst6                                                                                           ; CK         ; CK       ; None                        ; None                      ; 2.841 ns                ;
; N/A   ; 348.55 MHz ( period = 2.869 ns )               ; UC:inst|UC_MOV:inst1|ff0                                                                                            ; UP:inst8|Pis:inst2|lpm_counter0:2bit_count|lpm_counter:lpm_counter_component|cntr_a6j:auto_generated|safe_q[1]      ; CK         ; CK       ; None                        ; None                      ; 2.412 ns                ;
; N/A   ; 348.55 MHz ( period = 2.869 ns )               ; UC:inst|UC_MOV:inst1|ff0                                                                                            ; UP:inst8|Pis:inst2|lpm_counter0:2bit_count|lpm_counter:lpm_counter_component|cntr_a6j:auto_generated|safe_q[0]      ; CK         ; CK       ; None                        ; None                      ; 2.412 ns                ;
; N/A   ; 348.68 MHz ( period = 2.868 ns )               ; UP:inst8|Pisos_demanats:inst|Pisos_demanats1bit:inst14|inst9                                                        ; UC:inst|UC_MOV:inst1|ff0                                                                                            ; CK         ; CK       ; None                        ; None                      ; 2.844 ns                ;
; N/A   ; 353.11 MHz ( period = 2.832 ns )               ; UP:inst8|Pisos_demanats:inst|Pisos_demanats1bit:inst16|inst9                                                        ; UC:inst|UC_DIR:inst|inst6                                                                                           ; CK         ; CK       ; None                        ; None                      ; 2.777 ns                ;
; N/A   ; 353.48 MHz ( period = 2.829 ns )               ; UP:inst8|Pisos_demanats:inst|Pisos_demanats1bit:inst15|inst9                                                        ; UC:inst|UC_MOV:inst1|ff0                                                                                            ; CK         ; CK       ; None                        ; None                      ; 2.805 ns                ;
; N/A   ; 353.48 MHz ( period = 2.829 ns )               ; UP:inst8|Pisos_demanats:inst|Pisos_demanats1bit:inst15|inst9                                                        ; UC:inst|UC_MOV:inst1|ff2                                                                                            ; CK         ; CK       ; None                        ; None                      ; 2.805 ns                ;
; N/A   ; 367.92 MHz ( period = 2.718 ns )               ; UC:inst|UC_MOV:inst1|ff0                                                                                            ; UP:inst8|Pisos_demanats:inst|Pisos_demanats1bit:inst12|inst9                                                        ; CK         ; CK       ; None                        ; None                      ; 2.314 ns                ;
; N/A   ; 368.05 MHz ( period = 2.717 ns )               ; UC:inst|UC_MOV:inst1|ff0                                                                                            ; UP:inst8|Pisos_demanats:inst|Pisos_demanats1bit:inst17|inst9                                                        ; CK         ; CK       ; None                        ; None                      ; 2.313 ns                ;
; N/A   ; 368.05 MHz ( period = 2.717 ns )               ; UC:inst|UC_MOV:inst1|ff0                                                                                            ; UP:inst8|Pisos_demanats:inst|Pisos_demanats1bit:inst15|inst9                                                        ; CK         ; CK       ; None                        ; None                      ; 2.313 ns                ;
; N/A   ; 369.96 MHz ( period = 2.703 ns )               ; UP:inst8|Pisos_demanats:inst|Pisos_demanats1bit:inst17|inst9                                                        ; UC:inst|UC_DIR:inst|inst6                                                                                           ; CK         ; CK       ; None                        ; None                      ; 2.648 ns                ;
; N/A   ; 371.47 MHz ( period = 2.692 ns )               ; UP:inst8|Pis:inst2|lpm_counter0:2bit_count|lpm_counter:lpm_counter_component|cntr_a6j:auto_generated|safe_q[0]      ; UP:inst8|Pis:inst2|lpm_counter1:3bitBidir_count|lpm_counter:lpm_counter_component|cntr_reh:auto_generated|safe_q[0] ; CK         ; CK       ; None                        ; None                      ; 2.724 ns                ;
; N/A   ; 371.47 MHz ( period = 2.692 ns )               ; UP:inst8|Pis:inst2|lpm_counter0:2bit_count|lpm_counter:lpm_counter_component|cntr_a6j:auto_generated|safe_q[0]      ; UP:inst8|Pis:inst2|lpm_counter1:3bitBidir_count|lpm_counter:lpm_counter_component|cntr_reh:auto_generated|safe_q[2] ; CK         ; CK       ; None                        ; None                      ; 2.724 ns                ;
; N/A   ; 371.47 MHz ( period = 2.692 ns )               ; UP:inst8|Pis:inst2|lpm_counter0:2bit_count|lpm_counter:lpm_counter_component|cntr_a6j:auto_generated|safe_q[0]      ; UP:inst8|Pis:inst2|lpm_counter1:3bitBidir_count|lpm_counter:lpm_counter_component|cntr_reh:auto_generated|safe_q[1] ; CK         ; CK       ; None                        ; None                      ; 2.724 ns                ;
; N/A   ; 376.36 MHz ( period = 2.657 ns )               ; UP:inst8|Pis:inst2|lpm_counter0:2bit_count|lpm_counter:lpm_counter_component|cntr_a6j:auto_generated|safe_q[1]      ; UP:inst8|Pis:inst2|lpm_counter1:3bitBidir_count|lpm_counter:lpm_counter_component|cntr_reh:auto_generated|safe_q[0] ; CK         ; CK       ; None                        ; None                      ; 2.689 ns                ;
; N/A   ; 376.36 MHz ( period = 2.657 ns )               ; UP:inst8|Pis:inst2|lpm_counter0:2bit_count|lpm_counter:lpm_counter_component|cntr_a6j:auto_generated|safe_q[1]      ; UP:inst8|Pis:inst2|lpm_counter1:3bitBidir_count|lpm_counter:lpm_counter_component|cntr_reh:auto_generated|safe_q[2] ; CK         ; CK       ; None                        ; None                      ; 2.689 ns                ;
; N/A   ; 376.36 MHz ( period = 2.657 ns )               ; UP:inst8|Pis:inst2|lpm_counter0:2bit_count|lpm_counter:lpm_counter_component|cntr_a6j:auto_generated|safe_q[1]      ; UP:inst8|Pis:inst2|lpm_counter1:3bitBidir_count|lpm_counter:lpm_counter_component|cntr_reh:auto_generated|safe_q[1] ; CK         ; CK       ; None                        ; None                      ; 2.689 ns                ;
; N/A   ; 377.50 MHz ( period = 2.649 ns )               ; UP:inst8|Pisos_demanats:inst|Pisos_demanats1bit:inst14|inst9                                                        ; UC:inst|UC_DIR:inst|inst6                                                                                           ; CK         ; CK       ; None                        ; None                      ; 2.594 ns                ;
; N/A   ; 379.08 MHz ( period = 2.638 ns )               ; UC:inst|UC_MOV:inst1|ff2                                                                                            ; UC:inst|UC_MOV:inst1|ff0                                                                                            ; CK         ; CK       ; None                        ; None                      ; 2.424 ns                ;
; N/A   ; 383.44 MHz ( period = 2.608 ns )               ; UP:inst8|Pisos_demanats:inst|Pisos_demanats1bit:inst15|inst9                                                        ; UC:inst|UC_DIR:inst|inst6                                                                                           ; CK         ; CK       ; None                        ; None                      ; 2.553 ns                ;
; N/A   ; 386.85 MHz ( period = 2.585 ns )               ; UC:inst|UC_MOV:inst1|ff2                                                                                            ; UP:inst8|Pis:inst2|lpm_counter0:2bit_count|lpm_counter:lpm_counter_component|cntr_a6j:auto_generated|safe_q[1]      ; CK         ; CK       ; None                        ; None                      ; 2.128 ns                ;
; N/A   ; 386.85 MHz ( period = 2.585 ns )               ; UC:inst|UC_MOV:inst1|ff2                                                                                            ; UP:inst8|Pis:inst2|lpm_counter0:2bit_count|lpm_counter:lpm_counter_component|cntr_a6j:auto_generated|safe_q[0]      ; CK         ; CK       ; None                        ; None                      ; 2.128 ns                ;
; N/A   ; 400.32 MHz ( period = 2.498 ns )               ; UC:inst|UC_MOV:inst1|ff1                                                                                            ; UC:inst|UC_MOV:inst1|ff0                                                                                            ; CK         ; CK       ; None                        ; None                      ; 2.315 ns                ;
; N/A   ; 407.17 MHz ( period = 2.456 ns )               ; UC:inst|UC_MOV:inst1|ff2                                                                                            ; UP:inst8|Pisos_demanats:inst|Pisos_demanats1bit:inst12|inst9                                                        ; CK         ; CK       ; None                        ; None                      ; 2.052 ns                ;
; N/A   ; 407.33 MHz ( period = 2.455 ns )               ; UC:inst|UC_MOV:inst1|ff2                                                                                            ; UP:inst8|Pisos_demanats:inst|Pisos_demanats1bit:inst17|inst9                                                        ; CK         ; CK       ; None                        ; None                      ; 2.051 ns                ;
; N/A   ; 407.33 MHz ( period = 2.455 ns )               ; UC:inst|UC_MOV:inst1|ff2                                                                                            ; UP:inst8|Pisos_demanats:inst|Pisos_demanats1bit:inst15|inst9                                                        ; CK         ; CK       ; None                        ; None                      ; 2.051 ns                ;
; N/A   ; 414.25 MHz ( period = 2.414 ns )               ; UC:inst|UC_MOV:inst1|ff0                                                                                            ; UP:inst8|Pisos_demanats:inst|Pisos_demanats1bit:inst16|inst9                                                        ; CK         ; CK       ; None                        ; None                      ; 2.010 ns                ;
; N/A   ; 414.77 MHz ( period = 2.411 ns )               ; UC:inst|UC_MOV:inst1|ff0                                                                                            ; UP:inst8|Pisos_demanats:inst|Pisos_demanats1bit:inst11|inst9                                                        ; CK         ; CK       ; None                        ; None                      ; 2.007 ns                ;
; N/A   ; 414.94 MHz ( period = 2.410 ns )               ; UC:inst|UC_MOV:inst1|ff0                                                                                            ; UP:inst8|Pisos_demanats:inst|Pisos_demanats1bit:inst14|inst9                                                        ; CK         ; CK       ; None                        ; None                      ; 2.006 ns                ;
; N/A   ; 414.94 MHz ( period = 2.410 ns )               ; UC:inst|UC_MOV:inst1|ff0                                                                                            ; UP:inst8|Pisos_demanats:inst|Pisos_demanats1bit:inst|inst9                                                          ; CK         ; CK       ; None                        ; None                      ; 2.006 ns                ;
; N/A   ; 415.11 MHz ( period = 2.409 ns )               ; UP:inst8|Pis:inst2|lpm_counter1:3bitBidir_count|lpm_counter:lpm_counter_component|cntr_reh:auto_generated|safe_q[0] ; UP:inst8|Pisos_demanats:inst|Pisos_demanats1bit:inst12|inst9                                                        ; CK         ; CK       ; None                        ; None                      ; 2.002 ns                ;
; N/A   ; 444.64 MHz ( period = 2.249 ns )               ; UP:inst8|Pis:inst2|lpm_counter1:3bitBidir_count|lpm_counter:lpm_counter_component|cntr_reh:auto_generated|safe_q[2] ; UP:inst8|Pisos_demanats:inst|Pisos_demanats1bit:inst12|inst9                                                        ; CK         ; CK       ; None                        ; None                      ; 1.842 ns                ;
; N/A   ; Restricted to 450.05 MHz ( period = 2.222 ns ) ; UP:inst8|Pis:inst2|lpm_counter1:3bitBidir_count|lpm_counter:lpm_counter_component|cntr_reh:auto_generated|safe_q[0] ; UP:inst8|Pisos_demanats:inst|Pisos_demanats1bit:inst16|inst9                                                        ; CK         ; CK       ; None                        ; None                      ; 1.806 ns                ;
; N/A   ; Restricted to 450.05 MHz ( period = 2.222 ns ) ; UP:inst8|Pis:inst2|lpm_counter1:3bitBidir_count|lpm_counter:lpm_counter_component|cntr_reh:auto_generated|safe_q[0] ; UP:inst8|Pisos_demanats:inst|Pisos_demanats1bit:inst17|inst9                                                        ; CK         ; CK       ; None                        ; None                      ; 1.785 ns                ;
; N/A   ; Restricted to 450.05 MHz ( period = 2.222 ns ) ; UP:inst8|Pis:inst2|lpm_counter1:3bitBidir_count|lpm_counter:lpm_counter_component|cntr_reh:auto_generated|safe_q[0] ; UP:inst8|Pisos_demanats:inst|Pisos_demanats1bit:inst11|inst9                                                        ; CK         ; CK       ; None                        ; None                      ; 1.767 ns                ;
; N/A   ; Restricted to 450.05 MHz ( period = 2.222 ns ) ; UC:inst|UC_MOV:inst1|ff2                                                                                            ; UP:inst8|Pisos_demanats:inst|Pisos_demanats1bit:inst16|inst9                                                        ; CK         ; CK       ; None                        ; None                      ; 1.748 ns                ;
; N/A   ; Restricted to 450.05 MHz ( period = 2.222 ns ) ; UC:inst|UC_MOV:inst1|ff2                                                                                            ; UP:inst8|Pisos_demanats:inst|Pisos_demanats1bit:inst11|inst9                                                        ; CK         ; CK       ; None                        ; None                      ; 1.745 ns                ;
; N/A   ; Restricted to 450.05 MHz ( period = 2.222 ns ) ; UC:inst|UC_MOV:inst1|ff2                                                                                            ; UP:inst8|Pisos_demanats:inst|Pisos_demanats1bit:inst14|inst9                                                        ; CK         ; CK       ; None                        ; None                      ; 1.744 ns                ;
; N/A   ; Restricted to 450.05 MHz ( period = 2.222 ns ) ; UC:inst|UC_MOV:inst1|ff2                                                                                            ; UP:inst8|Pisos_demanats:inst|Pisos_demanats1bit:inst|inst9                                                          ; CK         ; CK       ; None                        ; None                      ; 1.744 ns                ;
; N/A   ; Restricted to 450.05 MHz ( period = 2.222 ns ) ; UP:inst8|Pis:inst2|lpm_counter1:3bitBidir_count|lpm_counter:lpm_counter_component|cntr_reh:auto_generated|safe_q[0] ; UP:inst8|Pisos_demanats:inst|Pisos_demanats1bit:inst15|inst9                                                        ; CK         ; CK       ; None                        ; None                      ; 1.736 ns                ;
; N/A   ; Restricted to 450.05 MHz ( period = 2.222 ns ) ; UP:inst8|Pis:inst2|lpm_counter1:3bitBidir_count|lpm_counter:lpm_counter_component|cntr_reh:auto_generated|safe_q[0] ; UP:inst8|Pisos_demanats:inst|Pisos_demanats1bit:inst14|inst9                                                        ; CK         ; CK       ; None                        ; None                      ; 1.714 ns                ;
; N/A   ; Restricted to 450.05 MHz ( period = 2.222 ns ) ; UP:inst8|Pis:inst2|lpm_counter1:3bitBidir_count|lpm_counter:lpm_counter_component|cntr_reh:auto_generated|safe_q[0] ; UP:inst8|Pisos_demanats:inst|Pisos_demanats1bit:inst|inst9                                                          ; CK         ; CK       ; None                        ; None                      ; 1.710 ns                ;
; N/A   ; Restricted to 450.05 MHz ( period = 2.222 ns ) ; UP:inst8|Pis:inst2|lpm_counter1:3bitBidir_count|lpm_counter:lpm_counter_component|cntr_reh:auto_generated|safe_q[1] ; UP:inst8|Pisos_demanats:inst|Pisos_demanats1bit:inst12|inst9                                                        ; CK         ; CK       ; None                        ; None                      ; 1.707 ns                ;
; N/A   ; Restricted to 450.05 MHz ( period = 2.222 ns ) ; UC:inst|UC_MOV:inst1|ff1                                                                                            ; UC:inst|UC_MOV:inst1|ff2                                                                                            ; CK         ; CK       ; None                        ; None                      ; 1.898 ns                ;
; N/A   ; Restricted to 450.05 MHz ( period = 2.222 ns ) ; UC:inst|UC_MOV:inst1|ff0                                                                                            ; UP:inst8|Pisos_demanats:inst|Pisos_demanats1bit:inst13|inst9                                                        ; CK         ; CK       ; None                        ; None                      ; 1.822 ns                ;
; N/A   ; Restricted to 450.05 MHz ( period = 2.222 ns ) ; UP:inst8|Pis:inst2|lpm_counter1:3bitBidir_count|lpm_counter:lpm_counter_component|cntr_reh:auto_generated|safe_q[2] ; UP:inst8|Pisos_demanats:inst|Pisos_demanats1bit:inst11|inst9                                                        ; CK         ; CK       ; None                        ; None                      ; 1.654 ns                ;
; N/A   ; Restricted to 450.05 MHz ( period = 2.222 ns ) ; UP:inst8|Pis:inst2|lpm_counter1:3bitBidir_count|lpm_counter:lpm_counter_component|cntr_reh:auto_generated|safe_q[2] ; UP:inst8|Pisos_demanats:inst|Pisos_demanats1bit:inst16|inst9                                                        ; CK         ; CK       ; None                        ; None                      ; 1.645 ns                ;
; N/A   ; Restricted to 450.05 MHz ( period = 2.222 ns ) ; UP:inst8|Pis:inst2|lpm_counter1:3bitBidir_count|lpm_counter:lpm_counter_component|cntr_reh:auto_generated|safe_q[2] ; UP:inst8|Pisos_demanats:inst|Pisos_demanats1bit:inst15|inst9                                                        ; CK         ; CK       ; None                        ; None                      ; 1.623 ns                ;
; N/A   ; Restricted to 450.05 MHz ( period = 2.222 ns ) ; UC:inst|UC_MOV:inst1|ff2                                                                                            ; UC:inst|UC_MOV:inst1|ff2                                                                                            ; CK         ; CK       ; None                        ; None                      ; 1.810 ns                ;
; N/A   ; Restricted to 450.05 MHz ( period = 2.222 ns ) ; UP:inst8|Pis:inst2|lpm_counter1:3bitBidir_count|lpm_counter:lpm_counter_component|cntr_reh:auto_generated|safe_q[2] ; UP:inst8|Pisos_demanats:inst|Pisos_demanats1bit:inst17|inst9                                                        ; CK         ; CK       ; None                        ; None                      ; 1.590 ns                ;
; N/A   ; Restricted to 450.05 MHz ( period = 2.222 ns ) ; UP:inst8|Pis:inst2|lpm_counter1:3bitBidir_count|lpm_counter:lpm_counter_component|cntr_reh:auto_generated|safe_q[2] ; UP:inst8|Pisos_demanats:inst|Pisos_demanats1bit:inst14|inst9                                                        ; CK         ; CK       ; None                        ; None                      ; 1.586 ns                ;
; N/A   ; Restricted to 450.05 MHz ( period = 2.222 ns ) ; UP:inst8|Pis:inst2|lpm_counter1:3bitBidir_count|lpm_counter:lpm_counter_component|cntr_reh:auto_generated|safe_q[2] ; UP:inst8|Pisos_demanats:inst|Pisos_demanats1bit:inst|inst9                                                          ; CK         ; CK       ; None                        ; None                      ; 1.577 ns                ;
; N/A   ; Restricted to 450.05 MHz ( period = 2.222 ns ) ; UP:inst8|Pis:inst2|lpm_counter1:3bitBidir_count|lpm_counter:lpm_counter_component|cntr_reh:auto_generated|safe_q[0] ; UP:inst8|Pisos_demanats:inst|Pisos_demanats1bit:inst13|inst9                                                        ; CK         ; CK       ; None                        ; None                      ; 1.698 ns                ;
; N/A   ; Restricted to 450.05 MHz ( period = 2.222 ns ) ; UP:inst8|Pis:inst2|lpm_counter1:3bitBidir_count|lpm_counter:lpm_counter_component|cntr_reh:auto_generated|safe_q[1] ; UP:inst8|Pisos_demanats:inst|Pisos_demanats1bit:inst11|inst9                                                        ; CK         ; CK       ; None                        ; None                      ; 1.519 ns                ;
; N/A   ; Restricted to 450.05 MHz ( period = 2.222 ns ) ; UP:inst8|Pis:inst2|lpm_counter1:3bitBidir_count|lpm_counter:lpm_counter_component|cntr_reh:auto_generated|safe_q[1] ; UP:inst8|Pisos_demanats:inst|Pisos_demanats1bit:inst16|inst9                                                        ; CK         ; CK       ; None                        ; None                      ; 1.510 ns                ;
; N/A   ; Restricted to 450.05 MHz ( period = 2.222 ns ) ; UP:inst8|Pis:inst2|lpm_counter1:3bitBidir_count|lpm_counter:lpm_counter_component|cntr_reh:auto_generated|safe_q[1] ; UP:inst8|Pisos_demanats:inst|Pisos_demanats1bit:inst15|inst9                                                        ; CK         ; CK       ; None                        ; None                      ; 1.488 ns                ;
; N/A   ; Restricted to 450.05 MHz ( period = 2.222 ns ) ; UP:inst8|Pis:inst2|lpm_counter1:3bitBidir_count|lpm_counter:lpm_counter_component|cntr_reh:auto_generated|safe_q[1] ; UP:inst8|Pisos_demanats:inst|Pisos_demanats1bit:inst17|inst9                                                        ; CK         ; CK       ; None                        ; None                      ; 1.487 ns                ;
; N/A   ; Restricted to 450.05 MHz ( period = 2.222 ns ) ; UC:inst|UC_DIR:inst|inst6                                                                                           ; UP:inst8|Pis:inst2|lpm_counter1:3bitBidir_count|lpm_counter:lpm_counter_component|cntr_reh:auto_generated|safe_q[2] ; CK         ; CK       ; None                        ; None                      ; 1.690 ns                ;
; N/A   ; Restricted to 450.05 MHz ( period = 2.222 ns ) ; UP:inst8|Pis:inst2|lpm_counter1:3bitBidir_count|lpm_counter:lpm_counter_component|cntr_reh:auto_generated|safe_q[1] ; UP:inst8|Pisos_demanats:inst|Pisos_demanats1bit:inst14|inst9                                                        ; CK         ; CK       ; None                        ; None                      ; 1.450 ns                ;
; N/A   ; Restricted to 450.05 MHz ( period = 2.222 ns ) ; UP:inst8|Pis:inst2|lpm_counter1:3bitBidir_count|lpm_counter:lpm_counter_component|cntr_reh:auto_generated|safe_q[1] ; UP:inst8|Pisos_demanats:inst|Pisos_demanats1bit:inst|inst9                                                          ; CK         ; CK       ; None                        ; None                      ; 1.441 ns                ;
; N/A   ; Restricted to 450.05 MHz ( period = 2.222 ns ) ; UP:inst8|Pis:inst2|lpm_counter1:3bitBidir_count|lpm_counter:lpm_counter_component|cntr_reh:auto_generated|safe_q[2] ; UP:inst8|Pisos_demanats:inst|Pisos_demanats1bit:inst13|inst9                                                        ; CK         ; CK       ; None                        ; None                      ; 1.580 ns                ;
; N/A   ; Restricted to 450.05 MHz ( period = 2.222 ns ) ; UC:inst|UC_MOV:inst1|ff2                                                                                            ; UP:inst8|Pisos_demanats:inst|Pisos_demanats1bit:inst13|inst9                                                        ; CK         ; CK       ; None                        ; None                      ; 1.560 ns                ;
; N/A   ; Restricted to 450.05 MHz ( period = 2.222 ns ) ; UC:inst|UC_DIR:inst|inst6                                                                                           ; UP:inst8|Pis:inst2|lpm_counter1:3bitBidir_count|lpm_counter:lpm_counter_component|cntr_reh:auto_generated|safe_q[1] ; CK         ; CK       ; None                        ; None                      ; 1.619 ns                ;
; N/A   ; Restricted to 450.05 MHz ( period = 2.222 ns ) ; UP:inst8|Pis:inst2|lpm_counter1:3bitBidir_count|lpm_counter:lpm_counter_component|cntr_reh:auto_generated|safe_q[0] ; UP:inst8|Pis:inst2|lpm_counter1:3bitBidir_count|lpm_counter:lpm_counter_component|cntr_reh:auto_generated|safe_q[2] ; CK         ; CK       ; None                        ; None                      ; 1.498 ns                ;
; N/A   ; Restricted to 450.05 MHz ( period = 2.222 ns ) ; UP:inst8|Pis:inst2|lpm_counter1:3bitBidir_count|lpm_counter:lpm_counter_component|cntr_reh:auto_generated|safe_q[1] ; UP:inst8|Pisos_demanats:inst|Pisos_demanats1bit:inst13|inst9                                                        ; CK         ; CK       ; None                        ; None                      ; 1.444 ns                ;
; N/A   ; Restricted to 450.05 MHz ( period = 2.222 ns ) ; UP:inst8|Pis:inst2|lpm_counter1:3bitBidir_count|lpm_counter:lpm_counter_component|cntr_reh:auto_generated|safe_q[0] ; UP:inst8|Pis:inst2|lpm_counter1:3bitBidir_count|lpm_counter:lpm_counter_component|cntr_reh:auto_generated|safe_q[1] ; CK         ; CK       ; None                        ; None                      ; 1.427 ns                ;
; N/A   ; Restricted to 450.05 MHz ( period = 2.222 ns ) ; UP:inst8|Pis:inst2|lpm_counter1:3bitBidir_count|lpm_counter:lpm_counter_component|cntr_reh:auto_generated|safe_q[1] ; UP:inst8|Pis:inst2|lpm_counter1:3bitBidir_count|lpm_counter:lpm_counter_component|cntr_reh:auto_generated|safe_q[2] ; CK         ; CK       ; None                        ; None                      ; 1.417 ns                ;
; N/A   ; Restricted to 450.05 MHz ( period = 2.222 ns ) ; UC:inst|UC_DIR:inst|inst6                                                                                           ; UP:inst8|Pis:inst2|lpm_counter1:3bitBidir_count|lpm_counter:lpm_counter_component|cntr_reh:auto_generated|safe_q[0] ; CK         ; CK       ; None                        ; None                      ; 1.236 ns                ;
; N/A   ; Restricted to 450.05 MHz ( period = 2.222 ns ) ; UP:inst8|Pis:inst2|lpm_counter0:2bit_count|lpm_counter:lpm_counter_component|cntr_a6j:auto_generated|safe_q[0]      ; UP:inst8|Pis:inst2|lpm_counter0:2bit_count|lpm_counter:lpm_counter_component|cntr_a6j:auto_generated|safe_q[1]      ; CK         ; CK       ; None                        ; None                      ; 1.187 ns                ;
; N/A   ; Restricted to 450.05 MHz ( period = 2.222 ns ) ; UC:inst|UC_MOV:inst1|ff0                                                                                            ; UC:inst|UC_MOV:inst1|ff1                                                                                            ; CK         ; CK       ; None                        ; None                      ; 1.145 ns                ;
; N/A   ; Restricted to 450.05 MHz ( period = 2.222 ns ) ; UP:inst8|Pis:inst2|lpm_counter1:3bitBidir_count|lpm_counter:lpm_counter_component|cntr_reh:auto_generated|safe_q[0] ; UP:inst8|Pis:inst2|lpm_counter1:3bitBidir_count|lpm_counter:lpm_counter_component|cntr_reh:auto_generated|safe_q[0] ; CK         ; CK       ; None                        ; None                      ; 1.040 ns                ;
; N/A   ; Restricted to 450.05 MHz ( period = 2.222 ns ) ; UP:inst8|Pis:inst2|lpm_counter1:3bitBidir_count|lpm_counter:lpm_counter_component|cntr_reh:auto_generated|safe_q[1] ; UP:inst8|Pis:inst2|lpm_counter1:3bitBidir_count|lpm_counter:lpm_counter_component|cntr_reh:auto_generated|safe_q[1] ; CK         ; CK       ; None                        ; None                      ; 1.034 ns                ;
; N/A   ; Restricted to 450.05 MHz ( period = 2.222 ns ) ; UC:inst|UC_MOV:inst1|ff2                                                                                            ; UC:inst|UC_MOV:inst1|ff1                                                                                            ; CK         ; CK       ; None                        ; None                      ; 0.842 ns                ;
; N/A   ; Restricted to 450.05 MHz ( period = 2.222 ns ) ; UP:inst8|Pis:inst2|lpm_counter0:2bit_count|lpm_counter:lpm_counter_component|cntr_a6j:auto_generated|safe_q[1]      ; UP:inst8|Pis:inst2|lpm_counter0:2bit_count|lpm_counter:lpm_counter_component|cntr_a6j:auto_generated|safe_q[1]      ; CK         ; CK       ; None                        ; None                      ; 0.837 ns                ;
; N/A   ; Restricted to 450.05 MHz ( period = 2.222 ns ) ; UP:inst8|Pis:inst2|lpm_counter0:2bit_count|lpm_counter:lpm_counter_component|cntr_a6j:auto_generated|safe_q[0]      ; UP:inst8|Pis:inst2|lpm_counter0:2bit_count|lpm_counter:lpm_counter_component|cntr_a6j:auto_generated|safe_q[0]      ; CK         ; CK       ; None                        ; None                      ; 0.804 ns                ;
; N/A   ; Restricted to 450.05 MHz ( period = 2.222 ns ) ; UP:inst8|Pis:inst2|lpm_counter1:3bitBidir_count|lpm_counter:lpm_counter_component|cntr_reh:auto_generated|safe_q[2] ; UP:inst8|Pis:inst2|lpm_counter1:3bitBidir_count|lpm_counter:lpm_counter_component|cntr_reh:auto_generated|safe_q[2] ; CK         ; CK       ; None                        ; None                      ; 0.752 ns                ;
; N/A   ; Restricted to 450.05 MHz ( period = 2.222 ns ) ; UC:inst|UC_DIR:inst|inst6                                                                                           ; UC:inst|UC_DIR:inst|inst6                                                                                           ; CK         ; CK       ; None                        ; None                      ; 0.407 ns                ;
; N/A   ; Restricted to 450.05 MHz ( period = 2.222 ns ) ; UP:inst8|Pisos_demanats:inst|Pisos_demanats1bit:inst16|inst9                                                        ; UP:inst8|Pisos_demanats:inst|Pisos_demanats1bit:inst16|inst9                                                        ; CK         ; CK       ; None                        ; None                      ; 0.407 ns                ;
; N/A   ; Restricted to 450.05 MHz ( period = 2.222 ns ) ; UP:inst8|Pisos_demanats:inst|Pisos_demanats1bit:inst17|inst9                                                        ; UP:inst8|Pisos_demanats:inst|Pisos_demanats1bit:inst17|inst9                                                        ; CK         ; CK       ; None                        ; None                      ; 0.407 ns                ;
; N/A   ; Restricted to 450.05 MHz ( period = 2.222 ns ) ; UP:inst8|Pisos_demanats:inst|Pisos_demanats1bit:inst14|inst9                                                        ; UP:inst8|Pisos_demanats:inst|Pisos_demanats1bit:inst14|inst9                                                        ; CK         ; CK       ; None                        ; None                      ; 0.407 ns                ;
; N/A   ; Restricted to 450.05 MHz ( period = 2.222 ns ) ; UP:inst8|Pisos_demanats:inst|Pisos_demanats1bit:inst12|inst9                                                        ; UP:inst8|Pisos_demanats:inst|Pisos_demanats1bit:inst12|inst9                                                        ; CK         ; CK       ; None                        ; None                      ; 0.407 ns                ;
; N/A   ; Restricted to 450.05 MHz ( period = 2.222 ns ) ; UP:inst8|Pisos_demanats:inst|Pisos_demanats1bit:inst13|inst9                                                        ; UP:inst8|Pisos_demanats:inst|Pisos_demanats1bit:inst13|inst9                                                        ; CK         ; CK       ; None                        ; None                      ; 0.407 ns                ;
; N/A   ; Restricted to 450.05 MHz ( period = 2.222 ns ) ; UP:inst8|Pisos_demanats:inst|Pisos_demanats1bit:inst15|inst9                                                        ; UP:inst8|Pisos_demanats:inst|Pisos_demanats1bit:inst15|inst9                                                        ; CK         ; CK       ; None                        ; None                      ; 0.407 ns                ;
; N/A   ; Restricted to 450.05 MHz ( period = 2.222 ns ) ; UP:inst8|Pisos_demanats:inst|Pisos_demanats1bit:inst|inst9                                                          ; UP:inst8|Pisos_demanats:inst|Pisos_demanats1bit:inst|inst9                                                          ; CK         ; CK       ; None                        ; None                      ; 0.407 ns                ;
; N/A   ; Restricted to 450.05 MHz ( period = 2.222 ns ) ; UP:inst8|Pisos_demanats:inst|Pisos_demanats1bit:inst11|inst9                                                        ; UP:inst8|Pisos_demanats:inst|Pisos_demanats1bit:inst11|inst9                                                        ; CK         ; CK       ; None                        ; None                      ; 0.407 ns                ;
; N/A   ; Restricted to 450.05 MHz ( period = 2.222 ns ) ; UC:inst|UC_MOV:inst1|ff1                                                                                            ; UC:inst|UC_MOV:inst1|ff1                                                                                            ; CK         ; CK       ; None                        ; None                      ; 0.407 ns                ;
+-------+------------------------------------------------+---------------------------------------------------------------------------------------------------------------------+---------------------------------------------------------------------------------------------------------------------+------------+----------+-----------------------------+---------------------------+-------------------------+


+---------------------------------------------------------------------------------------------------------------------------+
; tsu                                                                                                                       ;
+-------+--------------+------------+-------------+--------------------------------------------------------------+----------+
; Slack ; Required tsu ; Actual tsu ; From        ; To                                                           ; To Clock ;
+-------+--------------+------------+-------------+--------------------------------------------------------------+----------+
; N/A   ; None         ; 4.509 ns   ; SP          ; UC:inst|UC_MOV:inst1|ff0                                     ; CK       ;
; N/A   ; None         ; 4.018 ns   ; SP          ; UC:inst|UC_MOV:inst1|ff2                                     ; CK       ;
; N/A   ; None         ; 2.930 ns   ; SP          ; UC:inst|UC_MOV:inst1|ff1                                     ; CK       ;
; N/A   ; None         ; -0.511 ns  ; Polsador[7] ; UP:inst8|Pisos_demanats:inst|Pisos_demanats1bit:inst|inst9   ; CK       ;
; N/A   ; None         ; -0.567 ns  ; Polsador[1] ; UP:inst8|Pisos_demanats:inst|Pisos_demanats1bit:inst16|inst9 ; CK       ;
; N/A   ; None         ; -0.738 ns  ; Polsador[0] ; UP:inst8|Pisos_demanats:inst|Pisos_demanats1bit:inst17|inst9 ; CK       ;
; N/A   ; None         ; -0.901 ns  ; Polsador[2] ; UP:inst8|Pisos_demanats:inst|Pisos_demanats1bit:inst15|inst9 ; CK       ;
; N/A   ; None         ; -2.106 ns  ; Polsador[4] ; UP:inst8|Pisos_demanats:inst|Pisos_demanats1bit:inst13|inst9 ; CK       ;
; N/A   ; None         ; -2.138 ns  ; Polsador[3] ; UP:inst8|Pisos_demanats:inst|Pisos_demanats1bit:inst14|inst9 ; CK       ;
; N/A   ; None         ; -2.178 ns  ; Polsador[6] ; UP:inst8|Pisos_demanats:inst|Pisos_demanats1bit:inst11|inst9 ; CK       ;
; N/A   ; None         ; -2.449 ns  ; Polsador[5] ; UP:inst8|Pisos_demanats:inst|Pisos_demanats1bit:inst12|inst9 ; CK       ;
+-------+--------------+------------+-------------+--------------------------------------------------------------+----------+


+-------------------------------------------------------------------------------------------------------------------------------------------------------------------------------------------+
; tco                                                                                                                                                                                       ;
+-------+--------------+------------+---------------------------------------------------------------------------------------------------------------------+--------------------+------------+
; Slack ; Required tco ; Actual tco ; From                                                                                                                ; To                 ; From Clock ;
+-------+--------------+------------+---------------------------------------------------------------------------------------------------------------------+--------------------+------------+
; N/A   ; None         ; 11.645 ns  ; UP:inst8|Pis:inst2|lpm_counter1:3bitBidir_count|lpm_counter:lpm_counter_component|cntr_reh:auto_generated|safe_q[0] ; Obrir_Alliberar[3] ; CK         ;
; N/A   ; None         ; 11.532 ns  ; UP:inst8|Pis:inst2|lpm_counter1:3bitBidir_count|lpm_counter:lpm_counter_component|cntr_reh:auto_generated|safe_q[0] ; Obrir_Alliberar[1] ; CK         ;
; N/A   ; None         ; 11.517 ns  ; UP:inst8|Pis:inst2|lpm_counter1:3bitBidir_count|lpm_counter:lpm_counter_component|cntr_reh:auto_generated|safe_q[2] ; Obrir_Alliberar[3] ; CK         ;
; N/A   ; None         ; 11.403 ns  ; UP:inst8|Pis:inst2|lpm_counter1:3bitBidir_count|lpm_counter:lpm_counter_component|cntr_reh:auto_generated|safe_q[0] ; Obrir_Alliberar[4] ; CK         ;
; N/A   ; None         ; 11.394 ns  ; UP:inst8|Pis:inst2|lpm_counter1:3bitBidir_count|lpm_counter:lpm_counter_component|cntr_reh:auto_generated|safe_q[0] ; Obrir_Alliberar[5] ; CK         ;
; N/A   ; None         ; 11.381 ns  ; UP:inst8|Pis:inst2|lpm_counter1:3bitBidir_count|lpm_counter:lpm_counter_component|cntr_reh:auto_generated|safe_q[1] ; Obrir_Alliberar[3] ; CK         ;
; N/A   ; None         ; 11.371 ns  ; UP:inst8|Pis:inst2|lpm_counter1:3bitBidir_count|lpm_counter:lpm_counter_component|cntr_reh:auto_generated|safe_q[2] ; Obrir_Alliberar[1] ; CK         ;
; N/A   ; None         ; 11.285 ns  ; UP:inst8|Pis:inst2|lpm_counter1:3bitBidir_count|lpm_counter:lpm_counter_component|cntr_reh:auto_generated|safe_q[2] ; Obrir_Alliberar[4] ; CK         ;
; N/A   ; None         ; 11.236 ns  ; UP:inst8|Pis:inst2|lpm_counter1:3bitBidir_count|lpm_counter:lpm_counter_component|cntr_reh:auto_generated|safe_q[1] ; Obrir_Alliberar[1] ; CK         ;
; N/A   ; None         ; 11.234 ns  ; UP:inst8|Pis:inst2|lpm_counter1:3bitBidir_count|lpm_counter:lpm_counter_component|cntr_reh:auto_generated|safe_q[2] ; Obrir_Alliberar[5] ; CK         ;
; N/A   ; None         ; 11.228 ns  ; UP:inst8|Pis:inst2|lpm_counter1:3bitBidir_count|lpm_counter:lpm_counter_component|cntr_reh:auto_generated|safe_q[0] ; Obrir_Alliberar[0] ; CK         ;
; N/A   ; None         ; 11.149 ns  ; UP:inst8|Pis:inst2|lpm_counter1:3bitBidir_count|lpm_counter:lpm_counter_component|cntr_reh:auto_generated|safe_q[1] ; Obrir_Alliberar[4] ; CK         ;
; N/A   ; None         ; 11.099 ns  ; UP:inst8|Pis:inst2|lpm_counter1:3bitBidir_count|lpm_counter:lpm_counter_component|cntr_reh:auto_generated|safe_q[1] ; Obrir_Alliberar[5] ; CK         ;
; N/A   ; None         ; 11.033 ns  ; UP:inst8|Pis:inst2|lpm_counter1:3bitBidir_count|lpm_counter:lpm_counter_component|cntr_reh:auto_generated|safe_q[2] ; Obrir_Alliberar[0] ; CK         ;
; N/A   ; None         ; 10.948 ns  ; UP:inst8|Pis:inst2|lpm_counter1:3bitBidir_count|lpm_counter:lpm_counter_component|cntr_reh:auto_generated|safe_q[0] ; Obrir_Alliberar[7] ; CK         ;
; N/A   ; None         ; 10.930 ns  ; UP:inst8|Pis:inst2|lpm_counter1:3bitBidir_count|lpm_counter:lpm_counter_component|cntr_reh:auto_generated|safe_q[1] ; Obrir_Alliberar[0] ; CK         ;
; N/A   ; None         ; 10.815 ns  ; UP:inst8|Pis:inst2|lpm_counter1:3bitBidir_count|lpm_counter:lpm_counter_component|cntr_reh:auto_generated|safe_q[2] ; Obrir_Alliberar[7] ; CK         ;
; N/A   ; None         ; 10.775 ns  ; UC:inst|UC_MOV:inst1|ff0                                                                                            ; Obrir_Alliberar[3] ; CK         ;
; N/A   ; None         ; 10.773 ns  ; UC:inst|UC_MOV:inst1|ff0                                                                                            ; Obrir_Alliberar[1] ; CK         ;
; N/A   ; None         ; 10.758 ns  ; UP:inst8|Pis:inst2|lpm_counter1:3bitBidir_count|lpm_counter:lpm_counter_component|cntr_reh:auto_generated|safe_q[0] ; Obrir_Alliberar[6] ; CK         ;
; N/A   ; None         ; 10.718 ns  ; UP:inst8|Pis:inst2|lpm_counter1:3bitBidir_count|lpm_counter:lpm_counter_component|cntr_reh:auto_generated|safe_q[0] ; Obrir_Alliberar[2] ; CK         ;
; N/A   ; None         ; 10.679 ns  ; UP:inst8|Pis:inst2|lpm_counter1:3bitBidir_count|lpm_counter:lpm_counter_component|cntr_reh:auto_generated|safe_q[1] ; Obrir_Alliberar[7] ; CK         ;
; N/A   ; None         ; 10.645 ns  ; UP:inst8|Pis:inst2|lpm_counter1:3bitBidir_count|lpm_counter:lpm_counter_component|cntr_reh:auto_generated|safe_q[2] ; Obrir_Alliberar[6] ; CK         ;
; N/A   ; None         ; 10.605 ns  ; UP:inst8|Pis:inst2|lpm_counter1:3bitBidir_count|lpm_counter:lpm_counter_component|cntr_reh:auto_generated|safe_q[2] ; Obrir_Alliberar[2] ; CK         ;
; N/A   ; None         ; 10.552 ns  ; UC:inst|UC_MOV:inst1|ff0                                                                                            ; Obrir_Alliberar[4] ; CK         ;
; N/A   ; None         ; 10.514 ns  ; UC:inst|UC_MOV:inst1|ff0                                                                                            ; Obrir_Alliberar[0] ; CK         ;
; N/A   ; None         ; 10.510 ns  ; UP:inst8|Pis:inst2|lpm_counter1:3bitBidir_count|lpm_counter:lpm_counter_component|cntr_reh:auto_generated|safe_q[1] ; Obrir_Alliberar[6] ; CK         ;
; N/A   ; None         ; 10.502 ns  ; UC:inst|UC_MOV:inst1|ff1                                                                                            ; Obrir_Alliberar[1] ; CK         ;
; N/A   ; None         ; 10.474 ns  ; UC:inst|UC_MOV:inst1|ff0                                                                                            ; Obrir_Alliberar[5] ; CK         ;
; N/A   ; None         ; 10.470 ns  ; UP:inst8|Pis:inst2|lpm_counter1:3bitBidir_count|lpm_counter:lpm_counter_component|cntr_reh:auto_generated|safe_q[1] ; Obrir_Alliberar[2] ; CK         ;
; N/A   ; None         ; 10.467 ns  ; UC:inst|UC_MOV:inst1|ff2                                                                                            ; Obrir_Alliberar[1] ; CK         ;
; N/A   ; None         ; 10.464 ns  ; UC:inst|UC_MOV:inst1|ff2                                                                                            ; Obrir_Alliberar[3] ; CK         ;
; N/A   ; None         ; 10.325 ns  ; UC:inst|UC_MOV:inst1|ff1                                                                                            ; Obrir_Alliberar[3] ; CK         ;
; N/A   ; None         ; 10.252 ns  ; UC:inst|UC_MOV:inst1|ff0                                                                                            ; Obrir_Alliberar[7] ; CK         ;
; N/A   ; None         ; 10.243 ns  ; UC:inst|UC_MOV:inst1|ff2                                                                                            ; Obrir_Alliberar[4] ; CK         ;
; N/A   ; None         ; 10.237 ns  ; UC:inst|UC_MOV:inst1|ff1                                                                                            ; Obrir_Alliberar[0] ; CK         ;
; N/A   ; None         ; 10.203 ns  ; UC:inst|UC_MOV:inst1|ff2                                                                                            ; Obrir_Alliberar[0] ; CK         ;
; N/A   ; None         ; 10.165 ns  ; UC:inst|UC_MOV:inst1|ff2                                                                                            ; Obrir_Alliberar[5] ; CK         ;
; N/A   ; None         ; 10.104 ns  ; UC:inst|UC_MOV:inst1|ff1                                                                                            ; Obrir_Alliberar[4] ; CK         ;
; N/A   ; None         ; 10.083 ns  ; UC:inst|UC_MOV:inst1|ff0                                                                                            ; Obrir_Alliberar[6] ; CK         ;
; N/A   ; None         ; 10.076 ns  ; UC:inst|UC_MOV:inst1|ff0                                                                                            ; Obrir_Alliberar[2] ; CK         ;
; N/A   ; None         ; 10.026 ns  ; UC:inst|UC_MOV:inst1|ff1                                                                                            ; Obrir_Alliberar[5] ; CK         ;
; N/A   ; None         ; 9.982 ns   ; UC:inst|UC_MOV:inst1|ff1                                                                                            ; Obrir_Alliberar[7] ; CK         ;
; N/A   ; None         ; 9.946 ns   ; UC:inst|UC_MOV:inst1|ff2                                                                                            ; Obrir_Alliberar[7] ; CK         ;
; N/A   ; None         ; 9.872 ns   ; UP:inst8|Pis:inst2|lpm_counter1:3bitBidir_count|lpm_counter:lpm_counter_component|cntr_reh:auto_generated|safe_q[2] ; Pis[0]             ; CK         ;
; N/A   ; None         ; 9.840 ns   ; UP:inst8|Pis:inst2|lpm_counter1:3bitBidir_count|lpm_counter:lpm_counter_component|cntr_reh:auto_generated|safe_q[2] ; Pis[1]             ; CK         ;
; N/A   ; None         ; 9.839 ns   ; UP:inst8|Pisos_demanats:inst|Pisos_demanats1bit:inst17|inst9                                                        ; Pis_demanat[0]     ; CK         ;
; N/A   ; None         ; 9.813 ns   ; UC:inst|UC_MOV:inst1|ff1                                                                                            ; Obrir_Alliberar[6] ; CK         ;
; N/A   ; None         ; 9.798 ns   ; UC:inst|UC_MOV:inst1|ff1                                                                                            ; Obrir_Alliberar[2] ; CK         ;
; N/A   ; None         ; 9.777 ns   ; UC:inst|UC_MOV:inst1|ff2                                                                                            ; Obrir_Alliberar[6] ; CK         ;
; N/A   ; None         ; 9.773 ns   ; UP:inst8|Pis:inst2|lpm_counter1:3bitBidir_count|lpm_counter:lpm_counter_component|cntr_reh:auto_generated|safe_q[1] ; Pis[0]             ; CK         ;
; N/A   ; None         ; 9.766 ns   ; UC:inst|UC_MOV:inst1|ff2                                                                                            ; Obrir_Alliberar[2] ; CK         ;
; N/A   ; None         ; 9.741 ns   ; UP:inst8|Pis:inst2|lpm_counter1:3bitBidir_count|lpm_counter:lpm_counter_component|cntr_reh:auto_generated|safe_q[1] ; Pis[1]             ; CK         ;
; N/A   ; None         ; 9.668 ns   ; UP:inst8|Pis:inst2|lpm_counter1:3bitBidir_count|lpm_counter:lpm_counter_component|cntr_reh:auto_generated|safe_q[0] ; Pis[0]             ; CK         ;
; N/A   ; None         ; 9.635 ns   ; UP:inst8|Pis:inst2|lpm_counter1:3bitBidir_count|lpm_counter:lpm_counter_component|cntr_reh:auto_generated|safe_q[0] ; Pis[1]             ; CK         ;
; N/A   ; None         ; 9.618 ns   ; UP:inst8|Pis:inst2|lpm_counter1:3bitBidir_count|lpm_counter:lpm_counter_component|cntr_reh:auto_generated|safe_q[2] ; Pis[4]             ; CK         ;
; N/A   ; None         ; 9.606 ns   ; UP:inst8|Pis:inst2|lpm_counter1:3bitBidir_count|lpm_counter:lpm_counter_component|cntr_reh:auto_generated|safe_q[2] ; Pis[3]             ; CK         ;
; N/A   ; None         ; 9.605 ns   ; UC:inst|UC_MOV:inst1|ff0                                                                                            ; Enable             ; CK         ;
; N/A   ; None         ; 9.597 ns   ; UP:inst8|Pisos_demanats:inst|Pisos_demanats1bit:inst15|inst9                                                        ; Pis_demanat[2]     ; CK         ;
; N/A   ; None         ; 9.579 ns   ; UP:inst8|Pis:inst2|lpm_counter1:3bitBidir_count|lpm_counter:lpm_counter_component|cntr_reh:auto_generated|safe_q[0] ; Pis[2]             ; CK         ;
; N/A   ; None         ; 9.577 ns   ; UP:inst8|Pis:inst2|lpm_counter1:3bitBidir_count|lpm_counter:lpm_counter_component|cntr_reh:auto_generated|safe_q[2] ; Pis[5]             ; CK         ;
; N/A   ; None         ; 9.570 ns   ; UP:inst8|Pis:inst2|lpm_counter1:3bitBidir_count|lpm_counter:lpm_counter_component|cntr_reh:auto_generated|safe_q[2] ; Pis[6]             ; CK         ;
; N/A   ; None         ; 9.550 ns   ; UP:inst8|Pisos_demanats:inst|Pisos_demanats1bit:inst14|inst9                                                        ; Pis_demanat[3]     ; CK         ;
; N/A   ; None         ; 9.519 ns   ; UP:inst8|Pis:inst2|lpm_counter1:3bitBidir_count|lpm_counter:lpm_counter_component|cntr_reh:auto_generated|safe_q[1] ; Pis[4]             ; CK         ;
; N/A   ; None         ; 9.508 ns   ; UP:inst8|Pis:inst2|lpm_counter1:3bitBidir_count|lpm_counter:lpm_counter_component|cntr_reh:auto_generated|safe_q[1] ; Pis[3]             ; CK         ;
; N/A   ; None         ; 9.503 ns   ; UP:inst8|Pis:inst2|lpm_counter1:3bitBidir_count|lpm_counter:lpm_counter_component|cntr_reh:auto_generated|safe_q[1] ; Pis[5]             ; CK         ;
; N/A   ; None         ; 9.497 ns   ; UP:inst8|Pis:inst2|lpm_counter1:3bitBidir_count|lpm_counter:lpm_counter_component|cntr_reh:auto_generated|safe_q[1] ; Pis[6]             ; CK         ;
; N/A   ; None         ; 9.466 ns   ; UP:inst8|Pis:inst2|lpm_counter1:3bitBidir_count|lpm_counter:lpm_counter_component|cntr_reh:auto_generated|safe_q[2] ; Pis[2]             ; CK         ;
; N/A   ; None         ; 9.406 ns   ; UP:inst8|Pis:inst2|lpm_counter1:3bitBidir_count|lpm_counter:lpm_counter_component|cntr_reh:auto_generated|safe_q[0] ; Pis[3]             ; CK         ;
; N/A   ; None         ; 9.395 ns   ; UP:inst8|Pis:inst2|lpm_counter1:3bitBidir_count|lpm_counter:lpm_counter_component|cntr_reh:auto_generated|safe_q[0] ; Pis[5]             ; CK         ;
; N/A   ; None         ; 9.393 ns   ; UP:inst8|Pis:inst2|lpm_counter1:3bitBidir_count|lpm_counter:lpm_counter_component|cntr_reh:auto_generated|safe_q[0] ; Pis[6]             ; CK         ;
; N/A   ; None         ; 9.389 ns   ; UP:inst8|Pisos_demanats:inst|Pisos_demanats1bit:inst11|inst9                                                        ; Pis_demanat[6]     ; CK         ;
; N/A   ; None         ; 9.383 ns   ; UP:inst8|Pis:inst2|lpm_counter1:3bitBidir_count|lpm_counter:lpm_counter_component|cntr_reh:auto_generated|safe_q[0] ; Pis[4]             ; CK         ;
; N/A   ; None         ; 9.350 ns   ; UP:inst8|Pisos_demanats:inst|Pisos_demanats1bit:inst12|inst9                                                        ; Pis_demanat[5]     ; CK         ;
; N/A   ; None         ; 9.331 ns   ; UP:inst8|Pis:inst2|lpm_counter1:3bitBidir_count|lpm_counter:lpm_counter_component|cntr_reh:auto_generated|safe_q[1] ; Pis[2]             ; CK         ;
; N/A   ; None         ; 9.321 ns   ; UC:inst|UC_MOV:inst1|ff2                                                                                            ; Enable             ; CK         ;
; N/A   ; None         ; 9.302 ns   ; UP:inst8|Pisos_demanats:inst|Pisos_demanats1bit:inst|inst9                                                          ; Pis_demanat[7]     ; CK         ;
; N/A   ; None         ; 9.226 ns   ; UP:inst8|Pis:inst2|lpm_counter1:3bitBidir_count|lpm_counter:lpm_counter_component|cntr_reh:auto_generated|safe_q[0] ; Pis_actual[7]      ; CK         ;
; N/A   ; None         ; 9.164 ns   ; UP:inst8|Pis:inst2|lpm_counter1:3bitBidir_count|lpm_counter:lpm_counter_component|cntr_reh:auto_generated|safe_q[0] ; Pis_actual[1]      ; CK         ;
; N/A   ; None         ; 9.153 ns   ; UP:inst8|Pis:inst2|lpm_counter1:3bitBidir_count|lpm_counter:lpm_counter_component|cntr_reh:auto_generated|safe_q[0] ; Pis_actual[5]      ; CK         ;
; N/A   ; None         ; 9.128 ns   ; UP:inst8|Pis:inst2|lpm_counter1:3bitBidir_count|lpm_counter:lpm_counter_component|cntr_reh:auto_generated|safe_q[0] ; Pis_actual[0]      ; CK         ;
; N/A   ; None         ; 9.117 ns   ; UP:inst8|Pis:inst2|lpm_counter1:3bitBidir_count|lpm_counter:lpm_counter_component|cntr_reh:auto_generated|safe_q[0] ; Pis_actual[6]      ; CK         ;
; N/A   ; None         ; 9.115 ns   ; UP:inst8|Pisos_demanats:inst|Pisos_demanats1bit:inst16|inst9                                                        ; Pis_demanat[1]     ; CK         ;
; N/A   ; None         ; 9.093 ns   ; UP:inst8|Pis:inst2|lpm_counter1:3bitBidir_count|lpm_counter:lpm_counter_component|cntr_reh:auto_generated|safe_q[2] ; Pis_actual[7]      ; CK         ;
; N/A   ; None         ; 9.080 ns   ; UP:inst8|Pisos_demanats:inst|Pisos_demanats1bit:inst13|inst9                                                        ; Pis_demanat[4]     ; CK         ;
; N/A   ; None         ; 9.004 ns   ; UP:inst8|Pis:inst2|lpm_counter1:3bitBidir_count|lpm_counter:lpm_counter_component|cntr_reh:auto_generated|safe_q[2] ; Pis_actual[6]      ; CK         ;
; N/A   ; None         ; 9.003 ns   ; UP:inst8|Pis:inst2|lpm_counter1:3bitBidir_count|lpm_counter:lpm_counter_component|cntr_reh:auto_generated|safe_q[2] ; Pis_actual[1]      ; CK         ;
; N/A   ; None         ; 8.993 ns   ; UP:inst8|Pis:inst2|lpm_counter1:3bitBidir_count|lpm_counter:lpm_counter_component|cntr_reh:auto_generated|safe_q[2] ; Pis_actual[5]      ; CK         ;
; N/A   ; None         ; 8.957 ns   ; UP:inst8|Pis:inst2|lpm_counter1:3bitBidir_count|lpm_counter:lpm_counter_component|cntr_reh:auto_generated|safe_q[1] ; Pis_actual[7]      ; CK         ;
; N/A   ; None         ; 8.933 ns   ; UP:inst8|Pis:inst2|lpm_counter1:3bitBidir_count|lpm_counter:lpm_counter_component|cntr_reh:auto_generated|safe_q[2] ; Pis_actual[0]      ; CK         ;
; N/A   ; None         ; 8.881 ns   ; UP:inst8|Pis:inst2|lpm_counter1:3bitBidir_count|lpm_counter:lpm_counter_component|cntr_reh:auto_generated|safe_q[0] ; Pis_actual[3]      ; CK         ;
; N/A   ; None         ; 8.869 ns   ; UP:inst8|Pis:inst2|lpm_counter1:3bitBidir_count|lpm_counter:lpm_counter_component|cntr_reh:auto_generated|safe_q[1] ; Pis_actual[6]      ; CK         ;
; N/A   ; None         ; 8.868 ns   ; UP:inst8|Pis:inst2|lpm_counter1:3bitBidir_count|lpm_counter:lpm_counter_component|cntr_reh:auto_generated|safe_q[1] ; Pis_actual[1]      ; CK         ;
; N/A   ; None         ; 8.858 ns   ; UP:inst8|Pis:inst2|lpm_counter1:3bitBidir_count|lpm_counter:lpm_counter_component|cntr_reh:auto_generated|safe_q[1] ; Pis_actual[5]      ; CK         ;
; N/A   ; None         ; 8.856 ns   ; UP:inst8|Pis:inst2|lpm_counter1:3bitBidir_count|lpm_counter:lpm_counter_component|cntr_reh:auto_generated|safe_q[0] ; Pis_actual[2]      ; CK         ;
; N/A   ; None         ; 8.855 ns   ; UP:inst8|Pis:inst2|lpm_counter1:3bitBidir_count|lpm_counter:lpm_counter_component|cntr_reh:auto_generated|safe_q[0] ; Pis_actual[4]      ; CK         ;
; N/A   ; None         ; 8.830 ns   ; UP:inst8|Pis:inst2|lpm_counter1:3bitBidir_count|lpm_counter:lpm_counter_component|cntr_reh:auto_generated|safe_q[1] ; Pis_actual[0]      ; CK         ;
; N/A   ; None         ; 8.753 ns   ; UP:inst8|Pis:inst2|lpm_counter1:3bitBidir_count|lpm_counter:lpm_counter_component|cntr_reh:auto_generated|safe_q[2] ; Pis_actual[3]      ; CK         ;
; N/A   ; None         ; 8.743 ns   ; UP:inst8|Pis:inst2|lpm_counter1:3bitBidir_count|lpm_counter:lpm_counter_component|cntr_reh:auto_generated|safe_q[2] ; Pis_actual[2]      ; CK         ;
; N/A   ; None         ; 8.737 ns   ; UP:inst8|Pis:inst2|lpm_counter1:3bitBidir_count|lpm_counter:lpm_counter_component|cntr_reh:auto_generated|safe_q[2] ; Pis_actual[4]      ; CK         ;
; N/A   ; None         ; 8.617 ns   ; UP:inst8|Pis:inst2|lpm_counter1:3bitBidir_count|lpm_counter:lpm_counter_component|cntr_reh:auto_generated|safe_q[1] ; Pis_actual[3]      ; CK         ;
; N/A   ; None         ; 8.608 ns   ; UP:inst8|Pis:inst2|lpm_counter1:3bitBidir_count|lpm_counter:lpm_counter_component|cntr_reh:auto_generated|safe_q[1] ; Pis_actual[2]      ; CK         ;
; N/A   ; None         ; 8.601 ns   ; UP:inst8|Pis:inst2|lpm_counter1:3bitBidir_count|lpm_counter:lpm_counter_component|cntr_reh:auto_generated|safe_q[1] ; Pis_actual[4]      ; CK         ;
; N/A   ; None         ; 8.578 ns   ; UC:inst|UC_DIR:inst|inst6                                                                                           ; Downup             ; CK         ;
+-------+--------------+------------+---------------------------------------------------------------------------------------------------------------------+--------------------+------------+


+---------------------------------------------------------------------------------------------------------------------------------+
; th                                                                                                                              ;
+---------------+-------------+-----------+-------------+--------------------------------------------------------------+----------+
; Minimum Slack ; Required th ; Actual th ; From        ; To                                                           ; To Clock ;
+---------------+-------------+-----------+-------------+--------------------------------------------------------------+----------+
; N/A           ; None        ; 2.679 ns  ; Polsador[5] ; UP:inst8|Pisos_demanats:inst|Pisos_demanats1bit:inst12|inst9 ; CK       ;
; N/A           ; None        ; 2.408 ns  ; Polsador[6] ; UP:inst8|Pisos_demanats:inst|Pisos_demanats1bit:inst11|inst9 ; CK       ;
; N/A           ; None        ; 2.368 ns  ; Polsador[3] ; UP:inst8|Pisos_demanats:inst|Pisos_demanats1bit:inst14|inst9 ; CK       ;
; N/A           ; None        ; 2.336 ns  ; Polsador[4] ; UP:inst8|Pisos_demanats:inst|Pisos_demanats1bit:inst13|inst9 ; CK       ;
; N/A           ; None        ; 1.131 ns  ; Polsador[2] ; UP:inst8|Pisos_demanats:inst|Pisos_demanats1bit:inst15|inst9 ; CK       ;
; N/A           ; None        ; 0.968 ns  ; Polsador[0] ; UP:inst8|Pisos_demanats:inst|Pisos_demanats1bit:inst17|inst9 ; CK       ;
; N/A           ; None        ; 0.797 ns  ; Polsador[1] ; UP:inst8|Pisos_demanats:inst|Pisos_demanats1bit:inst16|inst9 ; CK       ;
; N/A           ; None        ; 0.741 ns  ; Polsador[7] ; UP:inst8|Pisos_demanats:inst|Pisos_demanats1bit:inst|inst9   ; CK       ;
; N/A           ; None        ; -2.700 ns ; SP          ; UC:inst|UC_MOV:inst1|ff1                                     ; CK       ;
; N/A           ; None        ; -3.788 ns ; SP          ; UC:inst|UC_MOV:inst1|ff2                                     ; CK       ;
; N/A           ; None        ; -4.279 ns ; SP          ; UC:inst|UC_MOV:inst1|ff0                                     ; CK       ;
+---------------+-------------+-----------+-------------+--------------------------------------------------------------+----------+


+--------------------------+
; Timing Analyzer Messages ;
+--------------------------+
Info: *******************************************************************
Info: Running Quartus II Classic Timing Analyzer
    Info: Version 9.0 Build 235 06/17/2009 Service Pack 2 SJ Web Edition
    Info: Processing started: Thu May 17 18:49:43 2018
Info: Command: quartus_tan --read_settings_files=off --write_settings_files=off ControlAscensor -c Display --timing_analysis_only
Warning: Found pins functioning as undefined clocks and/or memory enables
    Info: Assuming node "CK" is an undefined clock
Info: Clock "CK" has Internal fmax of 256.08 MHz between source register "UP:inst8|Pis:inst2|lpm_counter1:3bitBidir_count|lpm_counter:lpm_counter_component|cntr_reh:auto_generated|safe_q[0]" and destination register "UC:inst|UC_MOV:inst1|ff2" (period= 3.905 ns)
    Info: + Longest register to register delay is 3.688 ns
        Info: 1: + IC(0.000 ns) + CELL(0.000 ns) = 0.000 ns; Loc. = LCFF_X36_Y1_N1; Fanout = 22; REG Node = 'UP:inst8|Pis:inst2|lpm_counter1:3bitBidir_count|lpm_counter:lpm_counter_component|cntr_reh:auto_generated|safe_q[0]'
        Info: 2: + IC(0.404 ns) + CELL(0.371 ns) = 0.775 ns; Loc. = LCCOMB_X36_Y1_N16; Fanout = 4; COMB Node = 'UP:inst8|Pis:inst2|lpm_decode0:Decoder|lpm_decode:lpm_decode_component|decode_s6f:auto_generated|w_anode74w[3]~1'
        Info: 3: + IC(0.444 ns) + CELL(0.420 ns) = 1.639 ns; Loc. = LCCOMB_X37_Y1_N8; Fanout = 1; COMB Node = 'UP:inst8|Senyals_UC:inst1|Senyals_UC_P:inst|inst9~3'
        Info: 4: + IC(0.254 ns) + CELL(0.420 ns) = 2.313 ns; Loc. = LCCOMB_X37_Y1_N26; Fanout = 2; COMB Node = 'UP:inst8|Senyals_UC:inst1|Senyals_UC_P:inst|inst9'
        Info: 5: + IC(0.249 ns) + CELL(0.150 ns) = 2.712 ns; Loc. = LCCOMB_X37_Y1_N28; Fanout = 1; COMB Node = 'UC:inst|UC_MOV:inst1|inst2~1'
        Info: 6: + IC(0.455 ns) + CELL(0.437 ns) = 3.604 ns; Loc. = LCCOMB_X37_Y1_N16; Fanout = 1; COMB Node = 'UC:inst|UC_MOV:inst1|inst2~2'
        Info: 7: + IC(0.000 ns) + CELL(0.084 ns) = 3.688 ns; Loc. = LCFF_X37_Y1_N17; Fanout = 16; REG Node = 'UC:inst|UC_MOV:inst1|ff2'
        Info: Total cell delay = 1.882 ns ( 51.03 % )
        Info: Total interconnect delay = 1.806 ns ( 48.97 % )
    Info: - Smallest clock skew is -0.003 ns
        Info: + Shortest clock path from clock "CK" to destination register is 4.461 ns
            Info: 1: + IC(0.000 ns) + CELL(0.862 ns) = 0.862 ns; Loc. = PIN_G26; Fanout = 17; CLK Node = 'CK'
            Info: 2: + IC(3.062 ns) + CELL(0.537 ns) = 4.461 ns; Loc. = LCFF_X37_Y1_N17; Fanout = 16; REG Node = 'UC:inst|UC_MOV:inst1|ff2'
            Info: Total cell delay = 1.399 ns ( 31.36 % )
            Info: Total interconnect delay = 3.062 ns ( 68.64 % )
        Info: - Longest clock path from clock "CK" to source register is 4.464 ns
            Info: 1: + IC(0.000 ns) + CELL(0.862 ns) = 0.862 ns; Loc. = PIN_G26; Fanout = 17; CLK Node = 'CK'
            Info: 2: + IC(3.065 ns) + CELL(0.537 ns) = 4.464 ns; Loc. = LCFF_X36_Y1_N1; Fanout = 22; REG Node = 'UP:inst8|Pis:inst2|lpm_counter1:3bitBidir_count|lpm_counter:lpm_counter_component|cntr_reh:auto_generated|safe_q[0]'
            Info: Total cell delay = 1.399 ns ( 31.34 % )
            Info: Total interconnect delay = 3.065 ns ( 68.66 % )
    Info: + Micro clock to output delay of source is 0.250 ns
    Info: + Micro setup delay of destination is -0.036 ns
Info: tsu for register "UC:inst|UC_MOV:inst1|ff0" (data pin = "SP", clock pin = "CK") is 4.509 ns
    Info: + Longest pin to register delay is 9.006 ns
        Info: 1: + IC(0.000 ns) + CELL(0.852 ns) = 0.852 ns; Loc. = PIN_V1; Fanout = 3; PIN Node = 'SP'
        Info: 2: + IC(6.064 ns) + CELL(0.438 ns) = 7.354 ns; Loc. = LCCOMB_X38_Y1_N4; Fanout = 1; COMB Node = 'UC:inst|UC_MOV:inst1|inst33~1'
        Info: 3: + IC(0.457 ns) + CELL(0.438 ns) = 8.249 ns; Loc. = LCCOMB_X37_Y1_N30; Fanout = 1; COMB Node = 'UC:inst|UC_MOV:inst1|inst33~2'
        Info: 4: + IC(0.253 ns) + CELL(0.420 ns) = 8.922 ns; Loc. = LCCOMB_X37_Y1_N18; Fanout = 1; COMB Node = 'UC:inst|UC_MOV:inst1|inst33~3'
        Info: 5: + IC(0.000 ns) + CELL(0.084 ns) = 9.006 ns; Loc. = LCFF_X37_Y1_N19; Fanout = 17; REG Node = 'UC:inst|UC_MOV:inst1|ff0'
        Info: Total cell delay = 2.232 ns ( 24.78 % )
        Info: Total interconnect delay = 6.774 ns ( 75.22 % )
    Info: + Micro setup delay of destination is -0.036 ns
    Info: - Shortest clock path from clock "CK" to destination register is 4.461 ns
        Info: 1: + IC(0.000 ns) + CELL(0.862 ns) = 0.862 ns; Loc. = PIN_G26; Fanout = 17; CLK Node = 'CK'
        Info: 2: + IC(3.062 ns) + CELL(0.537 ns) = 4.461 ns; Loc. = LCFF_X37_Y1_N19; Fanout = 17; REG Node = 'UC:inst|UC_MOV:inst1|ff0'
        Info: Total cell delay = 1.399 ns ( 31.36 % )
        Info: Total interconnect delay = 3.062 ns ( 68.64 % )
Info: tco from clock "CK" to destination pin "Obrir_Alliberar[3]" through register "UP:inst8|Pis:inst2|lpm_counter1:3bitBidir_count|lpm_counter:lpm_counter_component|cntr_reh:auto_generated|safe_q[0]" is 11.645 ns
    Info: + Longest clock path from clock "CK" to source register is 4.464 ns
        Info: 1: + IC(0.000 ns) + CELL(0.862 ns) = 0.862 ns; Loc. = PIN_G26; Fanout = 17; CLK Node = 'CK'
        Info: 2: + IC(3.065 ns) + CELL(0.537 ns) = 4.464 ns; Loc. = LCFF_X36_Y1_N1; Fanout = 22; REG Node = 'UP:inst8|Pis:inst2|lpm_counter1:3bitBidir_count|lpm_counter:lpm_counter_component|cntr_reh:auto_generated|safe_q[0]'
        Info: Total cell delay = 1.399 ns ( 31.34 % )
        Info: Total interconnect delay = 3.065 ns ( 68.66 % )
    Info: + Micro clock to output delay of source is 0.250 ns
    Info: + Longest register to pin delay is 6.931 ns
        Info: 1: + IC(0.000 ns) + CELL(0.000 ns) = 0.000 ns; Loc. = LCFF_X36_Y1_N1; Fanout = 22; REG Node = 'UP:inst8|Pis:inst2|lpm_counter1:3bitBidir_count|lpm_counter:lpm_counter_component|cntr_reh:auto_generated|safe_q[0]'
        Info: 2: + IC(0.399 ns) + CELL(0.388 ns) = 0.787 ns; Loc. = LCCOMB_X36_Y1_N30; Fanout = 4; COMB Node = 'UP:inst8|Pis:inst2|lpm_decode0:Decoder|lpm_decode:lpm_decode_component|decode_s6f:auto_generated|w_anode41w[3]~1'
        Info: 3: + IC(0.722 ns) + CELL(0.438 ns) = 1.947 ns; Loc. = LCCOMB_X38_Y1_N14; Fanout = 1; COMB Node = 'UP:inst8|Obrir_Alliberar:inst3|Obrir_Alliberar_1bit:inst4|inst'
        Info: 4: + IC(2.196 ns) + CELL(2.788 ns) = 6.931 ns; Loc. = PIN_AC22; Fanout = 0; PIN Node = 'Obrir_Alliberar[3]'
        Info: Total cell delay = 3.614 ns ( 52.14 % )
        Info: Total interconnect delay = 3.317 ns ( 47.86 % )
Info: th for register "UP:inst8|Pisos_demanats:inst|Pisos_demanats1bit:inst12|inst9" (data pin = "Polsador[5]", clock pin = "CK") is 2.679 ns
    Info: + Longest clock path from clock "CK" to destination register is 4.271 ns
        Info: 1: + IC(0.000 ns) + CELL(0.862 ns) = 0.862 ns; Loc. = PIN_G26; Fanout = 17; CLK Node = 'CK'
        Info: 2: + IC(2.872 ns) + CELL(0.537 ns) = 4.271 ns; Loc. = LCFF_X35_Y1_N25; Fanout = 6; REG Node = 'UP:inst8|Pisos_demanats:inst|Pisos_demanats1bit:inst12|inst9'
        Info: Total cell delay = 1.399 ns ( 32.76 % )
        Info: Total interconnect delay = 2.872 ns ( 67.24 % )
    Info: + Micro hold delay of destination is 0.266 ns
    Info: - Shortest pin to register delay is 1.858 ns
        Info: 1: + IC(0.000 ns) + CELL(0.989 ns) = 0.989 ns; Loc. = PIN_AD13; Fanout = 1; PIN Node = 'Polsador[5]'
        Info: 2: + IC(0.635 ns) + CELL(0.150 ns) = 1.774 ns; Loc. = LCCOMB_X35_Y1_N24; Fanout = 1; COMB Node = 'UP:inst8|Pisos_demanats:inst|Pisos_demanats1bit:inst12|inst8~0'
        Info: 3: + IC(0.000 ns) + CELL(0.084 ns) = 1.858 ns; Loc. = LCFF_X35_Y1_N25; Fanout = 6; REG Node = 'UP:inst8|Pisos_demanats:inst|Pisos_demanats1bit:inst12|inst9'
        Info: Total cell delay = 1.223 ns ( 65.82 % )
        Info: Total interconnect delay = 0.635 ns ( 34.18 % )
Info: Quartus II Classic Timing Analyzer was successful. 0 errors, 1 warning
    Info: Peak virtual memory: 202 megabytes
    Info: Processing ended: Thu May 17 18:49:43 2018
    Info: Elapsed time: 00:00:00
    Info: Total CPU time (on all processors): 00:00:00


