Analysis & Synthesis report for Display
Wed Apr 18 20:10:54 2018
Quartus II Version 9.0 Build 235 06/17/2009 Service Pack 2 SJ Web Edition


---------------------
; Table of Contents ;
---------------------
  1. Legal Notice
  2. Analysis & Synthesis Summary
  3. Analysis & Synthesis Settings
  4. Analysis & Synthesis Source Files Read
  5. Analysis & Synthesis Resource Usage Summary
  6. Analysis & Synthesis Resource Utilization by Entity
  7. General Register Statistics
  8. Source assignments for lpm_counter1:3bitBidir_count|lpm_counter:lpm_counter_component
  9. Source assignments for lpm_counter0:2bit_count|lpm_counter:lpm_counter_component
 10. Parameter Settings for User Entity Instance: lpm_decode0:Decoder|lpm_decode:lpm_decode_component
 11. Parameter Settings for User Entity Instance: lpm_counter1:3bitBidir_count|lpm_counter:lpm_counter_component
 12. Parameter Settings for User Entity Instance: lpm_counter0:2bit_count|lpm_counter:lpm_counter_component
 13. Analysis & Synthesis Messages



----------------
; Legal Notice ;
----------------
Copyright (C) 1991-2009 Altera Corporation
Your use of Altera Corporation's design tools, logic functions 
and other software and tools, and its AMPP partner logic 
functions, and any output files from any of the foregoing 
(including device programming or simulation files), and any 
associated documentation or information are expressly subject 
to the terms and conditions of the Altera Program License 
Subscription Agreement, Altera MegaCore Function License 
Agreement, or other applicable license agreement, including, 
without limitation, that your use is for the sole purpose of 
programming logic devices manufactured by Altera and sold by 
Altera or its authorized distributors.  Please refer to the 
applicable agreement for further details.



+-----------------------------------------------------------------------------------+
; Analysis & Synthesis Summary                                                      ;
+------------------------------------+----------------------------------------------+
; Analysis & Synthesis Status        ; Successful - Wed Apr 18 20:10:54 2018        ;
; Quartus II Version                 ; 9.0 Build 235 06/17/2009 SP 2 SJ Web Edition ;
; Revision Name                      ; Display                                      ;
; Top-level Entity Name              ; Pis                                          ;
; Family                             ; Cyclone II                                   ;
; Total logic elements               ; 15                                           ;
;     Total combinational functions  ; 15                                           ;
;     Dedicated logic registers      ; 5                                            ;
; Total registers                    ; 5                                            ;
; Total pins                         ; 12                                           ;
; Total virtual pins                 ; 0                                            ;
; Total memory bits                  ; 0                                            ;
; Embedded Multiplier 9-bit elements ; 0                                            ;
; Total PLLs                         ; 0                                            ;
+------------------------------------+----------------------------------------------+


+--------------------------------------------------------------------------------------------------------+
; Analysis & Synthesis Settings                                                                          ;
+--------------------------------------------------------------+--------------------+--------------------+
; Option                                                       ; Setting            ; Default Value      ;
+--------------------------------------------------------------+--------------------+--------------------+
; Device                                                       ; EP2C35F672C6       ;                    ;
; Top-level entity name                                        ; Pis                ; Display            ;
; Family name                                                  ; Cyclone II         ; Stratix II         ;
; Use Generated Physical Constraints File                      ; Off                ;                    ;
; Use smart compilation                                        ; Off                ; Off                ;
; Restructure Multiplexers                                     ; Auto               ; Auto               ;
; Create Debugging Nodes for IP Cores                          ; Off                ; Off                ;
; Preserve fewer node names                                    ; On                 ; On                 ;
; Disable OpenCore Plus hardware evaluation                    ; Off                ; Off                ;
; Verilog Version                                              ; Verilog_2001       ; Verilog_2001       ;
; VHDL Version                                                 ; VHDL93             ; VHDL93             ;
; State Machine Processing                                     ; Auto               ; Auto               ;
; Safe State Machine                                           ; Off                ; Off                ;
; Extract Verilog State Machines                               ; On                 ; On                 ;
; Extract VHDL State Machines                                  ; On                 ; On                 ;
; Ignore Verilog initial constructs                            ; Off                ; Off                ;
; Iteration limit for constant Verilog loops                   ; 5000               ; 5000               ;
; Iteration limit for non-constant Verilog loops               ; 250                ; 250                ;
; Add Pass-Through Logic to Inferred RAMs                      ; On                 ; On                 ;
; Parallel Synthesis                                           ; Off                ; Off                ;
; DSP Block Balancing                                          ; Auto               ; Auto               ;
; NOT Gate Push-Back                                           ; On                 ; On                 ;
; Power-Up Don't Care                                          ; On                 ; On                 ;
; Remove Redundant Logic Cells                                 ; Off                ; Off                ;
; Remove Duplicate Registers                                   ; On                 ; On                 ;
; Ignore CARRY Buffers                                         ; Off                ; Off                ;
; Ignore CASCADE Buffers                                       ; Off                ; Off                ;
; Ignore GLOBAL Buffers                                        ; Off                ; Off                ;
; Ignore ROW GLOBAL Buffers                                    ; Off                ; Off                ;
; Ignore LCELL Buffers                                         ; Off                ; Off                ;
; Ignore SOFT Buffers                                          ; On                 ; On                 ;
; Limit AHDL Integers to 32 Bits                               ; Off                ; Off                ;
; Optimization Technique                                       ; Balanced           ; Balanced           ;
; Carry Chain Length                                           ; 70                 ; 70                 ;
; Auto Carry Chains                                            ; On                 ; On                 ;
; Auto Open-Drain Pins                                         ; On                 ; On                 ;
; Perform WYSIWYG Primitive Resynthesis                        ; Off                ; Off                ;
; Auto ROM Replacement                                         ; On                 ; On                 ;
; Auto RAM Replacement                                         ; On                 ; On                 ;
; Auto Shift Register Replacement                              ; Auto               ; Auto               ;
; Auto Clock Enable Replacement                                ; On                 ; On                 ;
; Strict RAM Replacement                                       ; Off                ; Off                ;
; Allow Synchronous Control Signals                            ; On                 ; On                 ;
; Force Use of Synchronous Clear Signals                       ; Off                ; Off                ;
; Auto RAM to Logic Cell Conversion                            ; Off                ; Off                ;
; Auto Resource Sharing                                        ; Off                ; Off                ;
; Allow Any RAM Size For Recognition                           ; Off                ; Off                ;
; Allow Any ROM Size For Recognition                           ; Off                ; Off                ;
; Allow Any Shift Register Size For Recognition                ; Off                ; Off                ;
; Use LogicLock Constraints during Resource Balancing          ; On                 ; On                 ;
; Ignore translate_off and synthesis_off directives            ; Off                ; Off                ;
; Timing-Driven Synthesis                                      ; Off                ; Off                ;
; Show Parameter Settings Tables in Synthesis Report           ; On                 ; On                 ;
; Ignore Maximum Fan-Out Assignments                           ; Off                ; Off                ;
; Synchronization Register Chain Length                        ; 2                  ; 2                  ;
; PowerPlay Power Optimization                                 ; Normal compilation ; Normal compilation ;
; HDL message level                                            ; Level2             ; Level2             ;
; Suppress Register Optimization Related Messages              ; Off                ; Off                ;
; Number of Removed Registers Reported in Synthesis Report     ; 100                ; 100                ;
; Number of Inverted Registers Reported in Synthesis Report    ; 100                ; 100                ;
; Clock MUX Protection                                         ; On                 ; On                 ;
; Auto Gated Clock Conversion                                  ; Off                ; Off                ;
; Block Design Naming                                          ; Auto               ; Auto               ;
; SDC constraint protection                                    ; Off                ; Off                ;
; Synthesis Effort                                             ; Auto               ; Auto               ;
; Shift Register Replacement - Allow Asynchronous Clear Signal ; On                 ; On                 ;
; Analysis & Synthesis Message Level                           ; Medium             ; Medium             ;
+--------------------------------------------------------------+--------------------+--------------------+


+-------------------------------------------------------------------------------------------------------------------------------------------------------------------+
; Analysis & Synthesis Source Files Read                                                                                                                            ;
+----------------------------------+-----------------+------------------------------------+-------------------------------------------------------------------------+
; File Name with User-Entered Path ; Used in Netlist ; File Type                          ; File Name with Absolute Path                                            ;
+----------------------------------+-----------------+------------------------------------+-------------------------------------------------------------------------+
; lpm_counter0.vhd                 ; yes             ; User Wizard-Generated File         ; C:/Users/PMC/Documents/UAB/FC/Proyecto FC/lpm_counter0.vhd              ;
; lpm_counter1.vhd                 ; yes             ; User Wizard-Generated File         ; C:/Users/PMC/Documents/UAB/FC/Proyecto FC/lpm_counter1.vhd              ;
; lpm_decode0.vhd                  ; yes             ; User Wizard-Generated File         ; C:/Users/PMC/Documents/UAB/FC/Proyecto FC/lpm_decode0.vhd               ;
; Pis.bdf                          ; yes             ; User Block Diagram/Schematic File  ; C:/Users/PMC/Documents/UAB/FC/Proyecto FC/Pis.bdf                       ;
; lpm_decode.tdf                   ; yes             ; Megafunction                       ; c:/altera/90sp2/quartus/libraries/megafunctions/lpm_decode.tdf          ;
; declut.inc                       ; yes             ; Megafunction                       ; c:/altera/90sp2/quartus/libraries/megafunctions/declut.inc              ;
; altshift.inc                     ; yes             ; Megafunction                       ; c:/altera/90sp2/quartus/libraries/megafunctions/altshift.inc            ;
; lpm_compare.inc                  ; yes             ; Megafunction                       ; c:/altera/90sp2/quartus/libraries/megafunctions/lpm_compare.inc         ;
; lpm_constant.inc                 ; yes             ; Megafunction                       ; c:/altera/90sp2/quartus/libraries/megafunctions/lpm_constant.inc        ;
; aglobal90.inc                    ; yes             ; Megafunction                       ; c:/altera/90sp2/quartus/libraries/megafunctions/aglobal90.inc           ;
; db/decode_s6f.tdf                ; yes             ; Auto-Generated Megafunction        ; C:/Users/PMC/Documents/UAB/FC/Proyecto FC/db/decode_s6f.tdf             ;
; lpm_counter.tdf                  ; yes             ; Megafunction                       ; c:/altera/90sp2/quartus/libraries/megafunctions/lpm_counter.tdf         ;
; lpm_decode.inc                   ; yes             ; Megafunction                       ; c:/altera/90sp2/quartus/libraries/megafunctions/lpm_decode.inc          ;
; lpm_add_sub.inc                  ; yes             ; Megafunction                       ; c:/altera/90sp2/quartus/libraries/megafunctions/lpm_add_sub.inc         ;
; cmpconst.inc                     ; yes             ; Megafunction                       ; c:/altera/90sp2/quartus/libraries/megafunctions/cmpconst.inc            ;
; lpm_counter.inc                  ; yes             ; Megafunction                       ; c:/altera/90sp2/quartus/libraries/megafunctions/lpm_counter.inc         ;
; dffeea.inc                       ; yes             ; Megafunction                       ; c:/altera/90sp2/quartus/libraries/megafunctions/dffeea.inc              ;
; alt_synch_counter.inc            ; yes             ; Megafunction                       ; c:/altera/90sp2/quartus/libraries/megafunctions/alt_synch_counter.inc   ;
; alt_synch_counter_f.inc          ; yes             ; Megafunction                       ; c:/altera/90sp2/quartus/libraries/megafunctions/alt_synch_counter_f.inc ;
; alt_counter_f10ke.inc            ; yes             ; Megafunction                       ; c:/altera/90sp2/quartus/libraries/megafunctions/alt_counter_f10ke.inc   ;
; alt_counter_stratix.inc          ; yes             ; Megafunction                       ; c:/altera/90sp2/quartus/libraries/megafunctions/alt_counter_stratix.inc ;
; db/cntr_reh.tdf                  ; yes             ; Auto-Generated Megafunction        ; C:/Users/PMC/Documents/UAB/FC/Proyecto FC/db/cntr_reh.tdf               ;
; db/cntr_a6j.tdf                  ; yes             ; Auto-Generated Megafunction        ; C:/Users/PMC/Documents/UAB/FC/Proyecto FC/db/cntr_a6j.tdf               ;
+----------------------------------+-----------------+------------------------------------+-------------------------------------------------------------------------+


+------------------------------------------------------------------------------------------------------------------------------------------------+
; Analysis & Synthesis Resource Usage Summary                                                                                                    ;
+---------------------------------------------+--------------------------------------------------------------------------------------------------+
; Resource                                    ; Usage                                                                                            ;
+---------------------------------------------+--------------------------------------------------------------------------------------------------+
; Estimated Total logic elements              ; 15                                                                                               ;
;                                             ;                                                                                                  ;
; Total combinational functions               ; 15                                                                                               ;
; Logic element usage by number of LUT inputs ;                                                                                                  ;
;     -- 4 input functions                    ; 0                                                                                                ;
;     -- 3 input functions                    ; 10                                                                                               ;
;     -- <=2 input functions                  ; 5                                                                                                ;
;                                             ;                                                                                                  ;
; Logic elements by mode                      ;                                                                                                  ;
;     -- normal mode                          ; 11                                                                                               ;
;     -- arithmetic mode                      ; 4                                                                                                ;
;                                             ;                                                                                                  ;
; Total registers                             ; 5                                                                                                ;
;     -- Dedicated logic registers            ; 5                                                                                                ;
;     -- I/O registers                        ; 0                                                                                                ;
;                                             ;                                                                                                  ;
; I/O pins                                    ; 12                                                                                               ;
; Maximum fan-out node                        ; lpm_counter1:3bitBidir_count|lpm_counter:lpm_counter_component|cntr_reh:auto_generated|safe_q[0] ;
; Maximum fan-out                             ; 9                                                                                                ;
; Total fan-out                               ; 65                                                                                               ;
; Average fan-out                             ; 2.03                                                                                             ;
+---------------------------------------------+--------------------------------------------------------------------------------------------------+


+--------------------------------------------------------------------------------------------------------------------------------------------------------------------------------------------------------------------------------------------------------------------+
; Analysis & Synthesis Resource Utilization by Entity                                                                                                                                                                                                                ;
+-------------------------------------------+-------------------+--------------+-------------+--------------+---------+-----------+------+--------------+---------------------------------------------------------------------------------------------+--------------+
; Compilation Hierarchy Node                ; LC Combinationals ; LC Registers ; Memory Bits ; DSP Elements ; DSP 9x9 ; DSP 18x18 ; Pins ; Virtual Pins ; Full Hierarchy Name                                                                         ; Library Name ;
+-------------------------------------------+-------------------+--------------+-------------+--------------+---------+-----------+------+--------------+---------------------------------------------------------------------------------------------+--------------+
; |Pis                                      ; 15 (1)            ; 5 (0)        ; 0           ; 0            ; 0       ; 0         ; 12   ; 0            ; |Pis                                                                                        ; work         ;
;    |lpm_counter0:2bit_count|              ; 3 (0)             ; 2 (0)        ; 0           ; 0            ; 0       ; 0         ; 0    ; 0            ; |Pis|lpm_counter0:2bit_count                                                                ; work         ;
;       |lpm_counter:lpm_counter_component| ; 3 (0)             ; 2 (0)        ; 0           ; 0            ; 0       ; 0         ; 0    ; 0            ; |Pis|lpm_counter0:2bit_count|lpm_counter:lpm_counter_component                              ; work         ;
;          |cntr_a6j:auto_generated|        ; 3 (3)             ; 2 (2)        ; 0           ; 0            ; 0       ; 0         ; 0    ; 0            ; |Pis|lpm_counter0:2bit_count|lpm_counter:lpm_counter_component|cntr_a6j:auto_generated      ; work         ;
;    |lpm_counter1:3bitBidir_count|         ; 3 (0)             ; 3 (0)        ; 0           ; 0            ; 0       ; 0         ; 0    ; 0            ; |Pis|lpm_counter1:3bitBidir_count                                                           ; work         ;
;       |lpm_counter:lpm_counter_component| ; 3 (0)             ; 3 (0)        ; 0           ; 0            ; 0       ; 0         ; 0    ; 0            ; |Pis|lpm_counter1:3bitBidir_count|lpm_counter:lpm_counter_component                         ; work         ;
;          |cntr_reh:auto_generated|        ; 3 (3)             ; 3 (3)        ; 0           ; 0            ; 0       ; 0         ; 0    ; 0            ; |Pis|lpm_counter1:3bitBidir_count|lpm_counter:lpm_counter_component|cntr_reh:auto_generated ; work         ;
;    |lpm_decode0:Decoder|                  ; 8 (0)             ; 0 (0)        ; 0           ; 0            ; 0       ; 0         ; 0    ; 0            ; |Pis|lpm_decode0:Decoder                                                                    ; work         ;
;       |lpm_decode:lpm_decode_component|   ; 8 (0)             ; 0 (0)        ; 0           ; 0            ; 0       ; 0         ; 0    ; 0            ; |Pis|lpm_decode0:Decoder|lpm_decode:lpm_decode_component                                    ; work         ;
;          |decode_s6f:auto_generated|      ; 8 (8)             ; 0 (0)        ; 0           ; 0            ; 0       ; 0         ; 0    ; 0            ; |Pis|lpm_decode0:Decoder|lpm_decode:lpm_decode_component|decode_s6f:auto_generated          ; work         ;
+-------------------------------------------+-------------------+--------------+-------------+--------------+---------+-----------+------+--------------+---------------------------------------------------------------------------------------------+--------------+
Note: For table entries with two numbers listed, the numbers in parentheses indicate the number of resources of the given type used by the specific entity alone. The numbers listed outside of parentheses indicate the total resources of the given type used by the specific entity and all of its sub-entities in the hierarchy.


+------------------------------------------------------+
; General Register Statistics                          ;
+----------------------------------------------+-------+
; Statistic                                    ; Value ;
+----------------------------------------------+-------+
; Total registers                              ; 5     ;
; Number of registers using Synchronous Clear  ; 0     ;
; Number of registers using Synchronous Load   ; 0     ;
; Number of registers using Asynchronous Clear ; 5     ;
; Number of registers using Asynchronous Load  ; 0     ;
; Number of registers using Clock Enable       ; 5     ;
; Number of registers using Preset             ; 0     ;
+----------------------------------------------+-------+


+---------------------------------------------------------------------------------------+
; Source assignments for lpm_counter1:3bitBidir_count|lpm_counter:lpm_counter_component ;
+---------------------------+-------+------+--------------------------------------------+
; Assignment                ; Value ; From ; To                                         ;
+---------------------------+-------+------+--------------------------------------------+
; SUPPRESS_DA_RULE_INTERNAL ; a101  ; -    ; -                                          ;
; SUPPRESS_DA_RULE_INTERNAL ; s102  ; -    ; -                                          ;
; SUPPRESS_DA_RULE_INTERNAL ; s103  ; -    ; -                                          ;
+---------------------------+-------+------+--------------------------------------------+


+----------------------------------------------------------------------------------+
; Source assignments for lpm_counter0:2bit_count|lpm_counter:lpm_counter_component ;
+---------------------------+-------+------+---------------------------------------+
; Assignment                ; Value ; From ; To                                    ;
+---------------------------+-------+------+---------------------------------------+
; SUPPRESS_DA_RULE_INTERNAL ; a101  ; -    ; -                                     ;
; SUPPRESS_DA_RULE_INTERNAL ; s102  ; -    ; -                                     ;
; SUPPRESS_DA_RULE_INTERNAL ; s103  ; -    ; -                                     ;
+---------------------------+-------+------+---------------------------------------+


+--------------------------------------------------------------------------------------------------+
; Parameter Settings for User Entity Instance: lpm_decode0:Decoder|lpm_decode:lpm_decode_component ;
+------------------------+------------+------------------------------------------------------------+
; Parameter Name         ; Value      ; Type                                                       ;
+------------------------+------------+------------------------------------------------------------+
; LPM_WIDTH              ; 3          ; Signed Integer                                             ;
; LPM_DECODES            ; 8          ; Signed Integer                                             ;
; LPM_PIPELINE           ; 0          ; Untyped                                                    ;
; CASCADE_CHAIN          ; MANUAL     ; Untyped                                                    ;
; DEVICE_FAMILY          ; Cyclone II ; Untyped                                                    ;
; CBXI_PARAMETER         ; decode_s6f ; Untyped                                                    ;
; AUTO_CARRY_CHAINS      ; ON         ; AUTO_CARRY                                                 ;
; IGNORE_CARRY_BUFFERS   ; OFF        ; IGNORE_CARRY                                               ;
; AUTO_CASCADE_CHAINS    ; ON         ; AUTO_CASCADE                                               ;
; IGNORE_CASCADE_BUFFERS ; OFF        ; IGNORE_CASCADE                                             ;
+------------------------+------------+------------------------------------------------------------+
Note: In order to hide this table in the UI and the text report file, please set the "Show Parameter Settings Tables in Synthesis Report" option in "Analysis and Synthesis Settings -> More Settings" to "Off".


+-------------------------------------------------------------------------------------------------------------+
; Parameter Settings for User Entity Instance: lpm_counter1:3bitBidir_count|lpm_counter:lpm_counter_component ;
+------------------------+------------+-----------------------------------------------------------------------+
; Parameter Name         ; Value      ; Type                                                                  ;
+------------------------+------------+-----------------------------------------------------------------------+
; AUTO_CARRY_CHAINS      ; ON         ; AUTO_CARRY                                                            ;
; IGNORE_CARRY_BUFFERS   ; OFF        ; IGNORE_CARRY                                                          ;
; AUTO_CASCADE_CHAINS    ; ON         ; AUTO_CASCADE                                                          ;
; IGNORE_CASCADE_BUFFERS ; OFF        ; IGNORE_CASCADE                                                        ;
; LPM_WIDTH              ; 3          ; Signed Integer                                                        ;
; LPM_DIRECTION          ; DEFAULT    ; Untyped                                                               ;
; LPM_MODULUS            ; 0          ; Untyped                                                               ;
; LPM_AVALUE             ; UNUSED     ; Untyped                                                               ;
; LPM_SVALUE             ; UNUSED     ; Untyped                                                               ;
; LPM_PORT_UPDOWN        ; PORT_USED  ; Untyped                                                               ;
; DEVICE_FAMILY          ; Cyclone II ; Untyped                                                               ;
; CARRY_CHAIN            ; MANUAL     ; Untyped                                                               ;
; CARRY_CHAIN_LENGTH     ; 48         ; CARRY_CHAIN_LENGTH                                                    ;
; NOT_GATE_PUSH_BACK     ; ON         ; NOT_GATE_PUSH_BACK                                                    ;
; CARRY_CNT_EN           ; SMART      ; Untyped                                                               ;
; LABWIDE_SCLR           ; ON         ; Untyped                                                               ;
; USE_NEW_VERSION        ; TRUE       ; Untyped                                                               ;
; CBXI_PARAMETER         ; cntr_reh   ; Untyped                                                               ;
+------------------------+------------+-----------------------------------------------------------------------+
Note: In order to hide this table in the UI and the text report file, please set the "Show Parameter Settings Tables in Synthesis Report" option in "Analysis and Synthesis Settings -> More Settings" to "Off".


+--------------------------------------------------------------------------------------------------------+
; Parameter Settings for User Entity Instance: lpm_counter0:2bit_count|lpm_counter:lpm_counter_component ;
+------------------------+-------------+-----------------------------------------------------------------+
; Parameter Name         ; Value       ; Type                                                            ;
+------------------------+-------------+-----------------------------------------------------------------+
; AUTO_CARRY_CHAINS      ; ON          ; AUTO_CARRY                                                      ;
; IGNORE_CARRY_BUFFERS   ; OFF         ; IGNORE_CARRY                                                    ;
; AUTO_CASCADE_CHAINS    ; ON          ; AUTO_CASCADE                                                    ;
; IGNORE_CASCADE_BUFFERS ; OFF         ; IGNORE_CASCADE                                                  ;
; LPM_WIDTH              ; 2           ; Signed Integer                                                  ;
; LPM_DIRECTION          ; UP          ; Untyped                                                         ;
; LPM_MODULUS            ; 0           ; Untyped                                                         ;
; LPM_AVALUE             ; UNUSED      ; Untyped                                                         ;
; LPM_SVALUE             ; UNUSED      ; Untyped                                                         ;
; LPM_PORT_UPDOWN        ; PORT_UNUSED ; Untyped                                                         ;
; DEVICE_FAMILY          ; Cyclone II  ; Untyped                                                         ;
; CARRY_CHAIN            ; MANUAL      ; Untyped                                                         ;
; CARRY_CHAIN_LENGTH     ; 48          ; CARRY_CHAIN_LENGTH                                              ;
; NOT_GATE_PUSH_BACK     ; ON          ; NOT_GATE_PUSH_BACK                                              ;
; CARRY_CNT_EN           ; SMART       ; Untyped                                                         ;
; LABWIDE_SCLR           ; ON          ; Untyped                                                         ;
; USE_NEW_VERSION        ; TRUE        ; Untyped                                                         ;
; CBXI_PARAMETER         ; cntr_a6j    ; Untyped                                                         ;
+------------------------+-------------+-----------------------------------------------------------------+
Note: In order to hide this table in the UI and the text report file, please set the "Show Parameter Settings Tables in Synthesis Report" option in "Analysis and Synthesis Settings -> More Settings" to "Off".


+-------------------------------+
; Analysis & Synthesis Messages ;
+-------------------------------+
Info: *******************************************************************
Info: Running Quartus II Analysis & Synthesis
    Info: Version 9.0 Build 235 06/17/2009 Service Pack 2 SJ Web Edition
    Info: Processing started: Wed Apr 18 20:10:52 2018
Info: Command: quartus_map --read_settings_files=on --write_settings_files=off ControlAscensor -c Display
Info: Found 1 design units, including 1 entities, in source file Senyals_UC_PP_amunt.bdf
    Info: Found entity 1: Senyals_UC_PP_amunt
Info: Found 1 design units, including 1 entities, in source file Senyals_UC_PP_avall.bdf
    Info: Found entity 1: Senyals_UC_PP_avall
Info: Found 1 design units, including 1 entities, in source file Display.bdf
    Info: Found entity 1: Display
Info: Found 1 design units, including 1 entities, in source file Senyals_UC_P.bdf
    Info: Found entity 1: Senyals_UC_P
Info: Found 1 design units, including 1 entities, in source file Senyals_UC.bdf
    Info: Found entity 1: Senyals_UC
Info: Found 1 design units, including 1 entities, in source file FlipFlop.bdf
    Info: Found entity 1: FlipFlop
Info: Found 1 design units, including 1 entities, in source file Obrir_Alliberar_1bit.bdf
    Info: Found entity 1: Obrir_Alliberar_1bit
Info: Found 1 design units, including 1 entities, in source file Obrir_Alliberar.bdf
    Info: Found entity 1: Obrir_Alliberar
Info: Found 2 design units, including 1 entities, in source file lpm_counter0.vhd
    Info: Found design unit 1: lpm_counter0-SYN
    Info: Found entity 1: lpm_counter0
Info: Found 2 design units, including 1 entities, in source file lpm_counter1.vhd
    Info: Found design unit 1: lpm_counter1-SYN
    Info: Found entity 1: lpm_counter1
Info: Found 2 design units, including 1 entities, in source file lpm_decode0.vhd
    Info: Found design unit 1: lpm_decode0-SYN
    Info: Found entity 1: lpm_decode0
Info: Found 1 design units, including 1 entities, in source file Pis.bdf
    Info: Found entity 1: Pis
Info: Elaborating entity "Pis" for the top level hierarchy
Info: Elaborating entity "lpm_decode0" for hierarchy "lpm_decode0:Decoder"
Info: Elaborating entity "lpm_decode" for hierarchy "lpm_decode0:Decoder|lpm_decode:lpm_decode_component"
Info: Elaborated megafunction instantiation "lpm_decode0:Decoder|lpm_decode:lpm_decode_component"
Info: Instantiated megafunction "lpm_decode0:Decoder|lpm_decode:lpm_decode_component" with the following parameter:
    Info: Parameter "lpm_decodes" = "8"
    Info: Parameter "lpm_type" = "LPM_DECODE"
    Info: Parameter "lpm_width" = "3"
Info: Found 1 design units, including 1 entities, in source file db/decode_s6f.tdf
    Info: Found entity 1: decode_s6f
Info: Elaborating entity "decode_s6f" for hierarchy "lpm_decode0:Decoder|lpm_decode:lpm_decode_component|decode_s6f:auto_generated"
Info: Elaborating entity "lpm_counter1" for hierarchy "lpm_counter1:3bitBidir_count"
Info: Elaborating entity "lpm_counter" for hierarchy "lpm_counter1:3bitBidir_count|lpm_counter:lpm_counter_component"
Info: Elaborated megafunction instantiation "lpm_counter1:3bitBidir_count|lpm_counter:lpm_counter_component"
Info: Instantiated megafunction "lpm_counter1:3bitBidir_count|lpm_counter:lpm_counter_component" with the following parameter:
    Info: Parameter "lpm_direction" = "UNUSED"
    Info: Parameter "lpm_port_updown" = "PORT_USED"
    Info: Parameter "lpm_type" = "LPM_COUNTER"
    Info: Parameter "lpm_width" = "3"
Info: Found 1 design units, including 1 entities, in source file db/cntr_reh.tdf
    Info: Found entity 1: cntr_reh
Info: Elaborating entity "cntr_reh" for hierarchy "lpm_counter1:3bitBidir_count|lpm_counter:lpm_counter_component|cntr_reh:auto_generated"
Info: Elaborating entity "lpm_counter0" for hierarchy "lpm_counter0:2bit_count"
Info: Elaborating entity "lpm_counter" for hierarchy "lpm_counter0:2bit_count|lpm_counter:lpm_counter_component"
Info: Elaborated megafunction instantiation "lpm_counter0:2bit_count|lpm_counter:lpm_counter_component"
Info: Instantiated megafunction "lpm_counter0:2bit_count|lpm_counter:lpm_counter_component" with the following parameter:
    Info: Parameter "lpm_direction" = "UP"
    Info: Parameter "lpm_port_updown" = "PORT_UNUSED"
    Info: Parameter "lpm_type" = "LPM_COUNTER"
    Info: Parameter "lpm_width" = "2"
Info: Found 1 design units, including 1 entities, in source file db/cntr_a6j.tdf
    Info: Found entity 1: cntr_a6j
Info: Elaborating entity "cntr_a6j" for hierarchy "lpm_counter0:2bit_count|lpm_counter:lpm_counter_component|cntr_a6j:auto_generated"
Info: Implemented 27 device resources after synthesis - the final resource count might be different
    Info: Implemented 4 input pins
    Info: Implemented 8 output pins
    Info: Implemented 15 logic cells
Info: Quartus II Analysis & Synthesis was successful. 0 errors, 0 warnings
    Info: Peak virtual memory: 303 megabytes
    Info: Processing ended: Wed Apr 18 20:10:54 2018
    Info: Elapsed time: 00:00:02
    Info: Total CPU time (on all processors): 00:00:02


